\BOOKMARK [0][-]{chapter.1}{\376\377\0001\000\040\000D\000e\000m\000o\000\040\000p\000r\000o\000b\000l\000e\000m\000:\000\040\0003\000D\000\040\000F\000S\000I\000\040\000o\000n\000\040\000u\000n\000s\000t\000r\000u\000c\000t\000u\000r\000e\000d\000\040\000m\000e\000s\000h\000e\000s}{}% 1
\BOOKMARK [1][-]{section.1.1}{\376\377\0001\000.\0001\000\040\000T\000h\000e\000\040\000p\000r\000o\000b\000l\000e\000m}{chapter.1}% 2
\BOOKMARK [1][-]{section.1.2}{\376\377\0001\000.\0002\000\040\000R\000e\000s\000u\000l\000t\000s}{chapter.1}% 3
\BOOKMARK [1][-]{section.1.3}{\376\377\0001\000.\0003\000\040\000O\000v\000e\000r\000v\000i\000e\000w\000\040\000o\000f\000\040\000t\000h\000e\000\040\000i\000m\000p\000l\000e\000m\000e\000n\000t\000a\000t\000i\000o\000n}{chapter.1}% 4
\BOOKMARK [1][-]{section.1.4}{\376\377\0001\000.\0004\000\040\000P\000r\000o\000b\000l\000e\000m\000\040\000P\000a\000r\000a\000m\000e\000t\000e\000r\000s}{chapter.1}% 5
\BOOKMARK [1][-]{section.1.5}{\376\377\0001\000.\0005\000\040\000C\000r\000e\000a\000t\000i\000n\000g\000\040\000t\000h\000e\000\040\000m\000e\000s\000h\000e\000s}{chapter.1}% 6
\BOOKMARK [2][-]{subsection.1.5.1}{\376\377\0001\000.\0005\000.\0001\000\040\000T\000h\000e\000\040\000s\000o\000l\000i\000d\000\040\000m\000e\000s\000h}{section.1.5}% 7
\BOOKMARK [2][-]{subsection.1.5.2}{\376\377\0001\000.\0005\000.\0002\000\040\000T\000h\000e\000\040\000f\000l\000u\000i\000d\000\040\000m\000e\000s\000h}{section.1.5}% 8
\BOOKMARK [1][-]{section.1.6}{\376\377\0001\000.\0006\000\040\000T\000h\000e\000\040\000d\000r\000i\000v\000e\000r\000\040\000c\000o\000d\000e}{chapter.1}% 9
\BOOKMARK [1][-]{section.1.7}{\376\377\0001\000.\0007\000\040\000T\000h\000e\000\040\000P\000r\000o\000b\000l\000e\000m\000\040\000c\000l\000a\000s\000s}{chapter.1}% 10
\BOOKMARK [1][-]{section.1.8}{\376\377\0001\000.\0008\000\040\000T\000h\000e\000\040\000P\000r\000o\000b\000l\000e\000m\000\040\000c\000o\000n\000s\000t\000r\000u\000c\000t\000o\000r}{chapter.1}% 11
\BOOKMARK [1][-]{section.1.9}{\376\377\0001\000.\0009\000\040\000C\000r\000e\000a\000t\000i\000n\000g\000\040\000t\000h\000e\000\040\000F\000S\000I\000\040\000t\000r\000a\000c\000t\000i\000o\000n\000\040\000e\000l\000e\000m\000e\000n\000t\000s}{chapter.1}% 12
\BOOKMARK [1][-]{section.1.10}{\376\377\0001\000.\0001\0000\000\040\000C\000r\000e\000a\000t\000i\000n\000g\000\040\000t\000h\000e\000\040\000L\000a\000g\000r\000a\000n\000g\000e\000\040\000m\000u\000l\000t\000i\000p\000l\000i\000e\000r\000\040\000e\000l\000e\000m\000e\000n\000t\000s}{chapter.1}% 13
\BOOKMARK [1][-]{section.1.11}{\376\377\0001\000.\0001\0001\000\040\000A\000t\000t\000a\000c\000h\000i\000n\000g\000\040\000t\000h\000e\000\040\000f\000l\000u\000i\000d\000\040\000t\000r\000a\000c\000t\000i\000o\000n\000\040\000e\000l\000e\000m\000e\000n\000t\000s}{chapter.1}% 14
\BOOKMARK [1][-]{section.1.12}{\376\377\0001\000.\0001\0002\000\040\000P\000o\000s\000t\000-\000p\000r\000o\000c\000e\000s\000s\000i\000n\000g}{chapter.1}% 15
\BOOKMARK [1][-]{section.1.13}{\376\377\0001\000.\0001\0003\000\040\000S\000a\000n\000i\000t\000y\000\040\000c\000h\000e\000c\000k\000:\000\040\000D\000o\000c\000u\000m\000e\000n\000t\000i\000n\000g\000\040\000t\000h\000e\000\040\000s\000o\000l\000i\000d\000\040\000b\000o\000u\000n\000d\000a\000r\000y\000\040\000c\000o\000o\000r\000d\000i\000n\000a\000t\000e\000s}{chapter.1}% 16
\BOOKMARK [1][-]{section.1.14}{\376\377\0001\000.\0001\0004\000\040\000C\000o\000m\000m\000e\000n\000t\000s\000\040\000a\000n\000d\000\040\000E\000x\000e\000r\000c\000i\000s\000e\000s}{chapter.1}% 17
\BOOKMARK [2][-]{subsection.1.14.1}{\376\377\0001\000.\0001\0004\000.\0001\000\040\000H\000o\000w\000\040\000t\000h\000e\000\040\000b\000o\000u\000n\000d\000a\000r\000y\000\040\000c\000o\000o\000r\000d\000i\000n\000a\000t\000e\000s\000\040\000a\000r\000e\000\040\000g\000e\000n\000e\000r\000a\000t\000e\000d}{section.1.14}% 18
\BOOKMARK [2][-]{subsection.1.14.2}{\376\377\0001\000.\0001\0004\000.\0002\000\040\000F\000l\000u\000i\000d\000\040\000a\000n\000d\000\040\000s\000o\000l\000i\000d\000\040\000m\000e\000s\000h\000e\000s\000\040\000d\000o\000\040\000n\000o\000t\000\040\000h\000a\000v\000e\000\040\000t\000o\000\040\000b\000e\000\040\000m\000a\000t\000c\000h\000i\000n\000g}{section.1.14}% 19
\BOOKMARK [2][-]{subsection.1.14.3}{\376\377\0001\000.\0001\0004\000.\0003\000\040\000W\000h\000a\000t\000\040\000c\000a\000n\000\040\000g\000o\000\040\000w\000r\000o\000n\000g\000?}{section.1.14}% 20
\BOOKMARK [1][-]{section.1.15}{\376\377\0001\000.\0001\0005\000\040\000S\000o\000u\000r\000c\000e\000\040\000f\000i\000l\000e\000s\000\040\000f\000o\000r\000\040\000t\000h\000i\000s\000\040\000t\000u\000t\000o\000r\000i\000a\000l}{chapter.1}% 21
\BOOKMARK [1][-]{section.1.16}{\376\377\0001\000.\0001\0006\000\040\000P\000D\000F\000\040\000f\000i\000l\000e}{chapter.1}% 22
