\BOOKMARK [0][-]{chapter.1}{\376\377\0001\000\040\000T\000h\000e\000\040\000d\000a\000t\000a\000\040\000s\000t\000r\000u\000c\000t\000u\000r\000e}{}% 1
\BOOKMARK [1][-]{section.1.1}{\376\377\0001\000.\0001\000\040\000I\000n\000t\000r\000o\000d\000u\000c\000t\000i\000o\000n}{chapter.1}% 2
\BOOKMARK [2][-]{subsection.1.1.1}{\376\377\0001\000.\0001\000.\0001\000\040\000T\000e\000c\000h\000n\000i\000c\000a\000l\000\040\000t\000e\000r\000m\000s}{section.1.1}% 3
\BOOKMARK [1][-]{section.1.2}{\376\377\0001\000.\0002\000\040\000O\000v\000e\000r\000v\000i\000e\000w\000\040\000o\000f\000\040\000t\000h\000e\000\040\000b\000a\000s\000i\000c\000\040\000d\000a\000t\000a\000\040\000s\000t\000r\000u\000c\000t\000u\000r\000e}{chapter.1}% 4
\BOOKMARK [2][-]{subsection.1.2.1}{\376\377\0001\000.\0002\000.\0001\000\040\000D\000a\000t\000a}{section.1.2}% 5
\BOOKMARK [2][-]{subsection.1.2.2}{\376\377\0001\000.\0002\000.\0002\000\040\000N\000o\000d\000e\000s}{section.1.2}% 6
\BOOKMARK [3][-]{subsubsection.1.2.2.1}{\376\377\0001\000.\0002\000.\0002\000.\0001\000\040\000A\000d\000v\000a\000n\000c\000e\000d\000\040\000f\000e\000a\000t\000u\000r\000e\000s\000:}{subsection.1.2.2}% 7
\BOOKMARK [2][-]{subsection.1.2.3}{\376\377\0001\000.\0002\000.\0003\000\040\000E\000l\000e\000m\000e\000n\000t\000s}{section.1.2}% 8
\BOOKMARK [3][-]{subsubsection.1.2.3.1}{\376\377\0001\000.\0002\000.\0003\000.\0001\000\040\000O\000v\000e\000r\000v\000i\000e\000w}{subsection.1.2.3}% 9
\BOOKMARK [3][-]{subsubsection.1.2.3.2}{\376\377\0001\000.\0002\000.\0003\000.\0002\000\040\000L\000e\000v\000e\000l\000\040\0000\000:\000\040\000G\000e\000n\000e\000r\000a\000l\000i\000s\000e\000d\000E\000l\000e\000m\000e\000n\000t}{subsection.1.2.3}% 10
\BOOKMARK [3][-]{subsubsection.1.2.3.3}{\376\377\0001\000.\0002\000.\0003\000.\0003\000\040\000L\000e\000v\000e\000l\000\040\0001\000:\000\040\000F\000i\000n\000i\000t\000e\000E\000l\000e\000m\000e\000n\000t}{subsection.1.2.3}% 11
\BOOKMARK [3][-]{subsubsection.1.2.3.4}{\376\377\0001\000.\0002\000.\0003\000.\0004\000\040\000L\000e\000v\000e\000l\000\040\0002\000:\000\040\000G\000e\000o\000m\000e\000t\000r\000i\000c\000\040\000E\000l\000e\000m\000e\000n\000t\000s}{subsection.1.2.3}% 12
\BOOKMARK [3][-]{subsubsection.1.2.3.5}{\376\377\0001\000.\0002\000.\0003\000.\0005\000\040\000L\000e\000v\000e\000l\000\040\0003\000:\000\040\040\030\000T\000h\000e\000\040\000M\000a\000t\000h\000s\040\031}{subsection.1.2.3}% 13
\BOOKMARK [3][-]{subsubsection.1.2.3.6}{\376\377\0001\000.\0002\000.\0003\000.\0006\000\040\040\030\000A\000d\000v\000a\000n\000c\000e\000d\040\031\000\040\000f\000e\000a\000t\000u\000r\000e\000s\000\040\000f\000o\000r\000\040\000t\000h\000e\000\040\040\030\000M\000a\000t\000h\000s\040\031\000\040\000l\000e\000v\000e\000l\000:}{subsection.1.2.3}% 14
\BOOKMARK [3][-]{subsubsection.1.2.3.7}{\376\377\0001\000.\0002\000.\0003\000.\0007\000\040\000I\000m\000p\000o\000r\000t\000a\000n\000t\000\040\000c\000o\000n\000v\000e\000n\000t\000i\000o\000n\000\040\000r\000e\000g\000a\000r\000d\000i\000n\000g\000\040\000e\000l\000e\000m\000e\000n\000t\000\040\000c\000o\000n\000s\000t\000r\000u\000c\000t\000o\000r\000s}{subsection.1.2.3}% 15
\BOOKMARK [2][-]{subsection.1.2.4}{\376\377\0001\000.\0002\000.\0004\000\040\000M\000e\000s\000h\000e\000s}{section.1.2}% 16
\BOOKMARK [3][-]{subsubsection.1.2.4.1}{\376\377\0001\000.\0002\000.\0004\000.\0001\000\040\000M\000e\000s\000h\000\040\000g\000e\000n\000e\000r\000a\000t\000i\000o\000n}{subsection.1.2.4}% 17
\BOOKMARK [3][-]{subsubsection.1.2.4.2}{\376\377\0001\000.\0002\000.\0004\000.\0002\000\040\000E\000q\000u\000a\000t\000i\000o\000n\000/\000D\000O\000F\000\040\000n\000u\000m\000b\000e\000r\000i\000n\000g\000\040\000a\000t\000\040\000t\000h\000e\000\040\000m\000e\000s\000h\000\040\000l\000e\000v\000e\000l}{subsection.1.2.4}% 18
\BOOKMARK [2][-]{subsection.1.2.5}{\376\377\0001\000.\0002\000.\0005\000\040\000P\000r\000o\000b\000l\000e\000m\000s}{section.1.2}% 19
\BOOKMARK [3][-]{subsubsection.1.2.5.1}{\376\377\0001\000.\0002\000.\0005\000.\0001\000\040\000P\000r\000o\000b\000l\000e\000m\000\040\000C\000o\000n\000s\000t\000r\000u\000c\000t\000i\000o\000n}{subsection.1.2.5}% 20
\BOOKMARK [1][-]{section.1.3}{\376\377\0001\000.\0003\000\040\000T\000i\000m\000e\000-\000s\000t\000e\000p\000p\000i\000n\000g}{chapter.1}% 21
\BOOKMARK [2][-]{subsection.1.3.1}{\376\377\0001\000.\0003\000.\0001\000\040\000T\000i\000m\000e}{section.1.3}% 22
\BOOKMARK [2][-]{subsection.1.3.2}{\376\377\0001\000.\0003\000.\0002\000\040\000B\000a\000s\000i\000c\000\040\000T\000i\000m\000e\000-\000s\000t\000e\000p\000p\000i\000n\000g}{section.1.3}% 23
\BOOKMARK [2][-]{subsection.1.3.3}{\376\377\0001\000.\0003\000.\0003\000\040\000A\000d\000a\000p\000t\000i\000v\000e\000\040\000t\000i\000m\000e\000-\000s\000t\000e\000p\000p\000i\000n\000g}{section.1.3}% 24
\BOOKMARK [2][-]{subsection.1.3.4}{\376\377\0001\000.\0003\000.\0004\000\040\000R\000e\000s\000t\000a\000r\000t\000s}{section.1.3}% 25
\BOOKMARK [1][-]{section.1.4}{\376\377\0001\000.\0004\000\040\000P\000r\000o\000b\000l\000e\000m\000/\000M\000e\000s\000h\000\040\000a\000d\000a\000p\000t\000a\000t\000i\000o\000n}{chapter.1}% 26
\BOOKMARK [2][-]{subsection.1.4.1}{\376\377\0001\000.\0004\000.\0001\000\040\000A\000d\000a\000p\000t\000a\000t\000i\000o\000n\000\040\000a\000t\000\040\000t\000h\000e\000\040\000P\000r\000o\000b\000l\000e\000m\000\040\000l\000e\000v\000e\000l}{section.1.4}% 27
\BOOKMARK [2][-]{subsection.1.4.2}{\376\377\0001\000.\0004\000.\0002\000\040\000A\000d\000a\000p\000t\000a\000t\000i\000o\000n\000\040\000a\000t\000\040\000t\000h\000e\000\040\000M\000e\000s\000h\000\040\000l\000e\000v\000e\000l}{section.1.4}% 28
\BOOKMARK [2][-]{subsection.1.4.3}{\376\377\0001\000.\0004\000.\0003\000\040\000M\000e\000s\000h\000\040\000a\000d\000a\000p\000t\000a\000t\000i\000o\000n\000\040\000f\000o\000r\000\040\0002\000D\000\040\000q\000u\000a\000d\000r\000i\000l\000a\000t\000e\000r\000a\000l\000\040\000m\000e\000s\000h\000e\000s}{section.1.4}% 29
\BOOKMARK [3][-]{subsubsection.1.4.3.1}{\376\377\0001\000.\0004\000.\0003\000.\0001\000\040\000R\000e\000f\000i\000n\000e\000a\000b\000l\000e\000\040\000Q\000E\000l\000e\000m\000e\000n\000t\000s}{subsection.1.4.3}% 30
\BOOKMARK [3][-]{subsubsection.1.4.3.2}{\376\377\0001\000.\0004\000.\0003\000.\0002\000\040\000Q\000u\000a\000d\000T\000r\000e\000e\000\040\000p\000r\000o\000c\000e\000d\000u\000r\000e\000s\000\040\000f\000o\000r\000\040\000m\000e\000s\000h\000\040\000r\000e\000f\000i\000n\000e\000m\000e\000n\000t}{subsection.1.4.3}% 31
\BOOKMARK [3][-]{subsubsection.1.4.3.3}{\376\377\0001\000.\0004\000.\0003\000.\0003\000\040\000M\000e\000s\000h\000\040\000g\000e\000n\000e\000r\000a\000t\000i\000o\000n}{subsection.1.4.3}% 32
\BOOKMARK [3][-]{subsubsection.1.4.3.4}{\376\377\0001\000.\0004\000.\0003\000.\0004\000\040\000H\000a\000n\000g\000i\000n\000g\000\040\000N\000o\000d\000e\000s}{subsection.1.4.3}% 33
\BOOKMARK [3][-]{subsubsection.1.4.3.5}{\376\377\0001\000.\0004\000.\0003\000.\0005\000\040\000M\000e\000s\000h\000\040\000a\000d\000a\000p\000t\000a\000t\000i\000o\000n}{subsection.1.4.3}% 34
\BOOKMARK [1][-]{section.1.5}{\376\377\0001\000.\0005\000\040\000M\000e\000s\000h\000\040\000a\000d\000a\000p\000t\000a\000t\000i\000o\000n\000\040\000i\000n\000\040\000d\000o\000m\000a\000i\000n\000s\000\040\000w\000i\000t\000h\000\040\000c\000u\000r\000v\000e\000d\000\040\000b\000o\000u\000n\000d\000a\000r\000i\000e\000s}{chapter.1}% 35
\BOOKMARK [2][-]{subsection.1.5.1}{\376\377\0001\000.\0005\000.\0001\000\040\000G\000e\000o\000m\000e\000t\000r\000i\000c\000\040\000O\000b\000j\000e\000c\000t\000s}{section.1.5}% 36
\BOOKMARK [2][-]{subsection.1.5.2}{\376\377\0001\000.\0005\000.\0002\000\040\000D\000o\000m\000a\000i\000n\000s\000\040\000a\000n\000d\000\040\000M\000a\000c\000r\000o\000\040\000E\000l\000e\000m\000e\000n\000t\000s}{section.1.5}% 37
\BOOKMARK [2][-]{subsection.1.5.3}{\376\377\0001\000.\0005\000.\0003\000\040\000M\000a\000c\000r\000o\000-\000e\000l\000e\000m\000e\000n\000t\000-\000b\000a\000s\000e\000d\000\040\000n\000o\000d\000e\000\040\000u\000p\000d\000a\000t\000e\000s\000\040\000i\000n\000\040\000m\000o\000v\000i\000n\000g\000\040\000m\000e\000s\000h\000\040\000p\000r\000o\000b\000l\000e\000m\000s}{section.1.5}% 38
\BOOKMARK [1][-]{section.1.6}{\376\377\0001\000.\0006\000\040\000P\000D\000F\000\040\000f\000i\000l\000e}{chapter.1}% 39
