\BOOKMARK [0][-]{chapter.1}{\376\377\0001\000\040\000C\000o\000d\000i\000n\000g\000\040\000c\000o\000n\000v\000e\000n\000t\000i\000o\000n\000s\000\040\000a\000n\000d\000\040\000C\000+\000+\000-\000s\000t\000y\000l\000e}{}% 1
\BOOKMARK [1][-]{section.1.1}{\376\377\0001\000.\0001\000\040\000N\000a\000m\000i\000n\000g\000\040\000c\000o\000n\000v\000e\000n\000t\000i\000o\000n\000s}{chapter.1}% 2
\BOOKMARK [2][-]{subsection.1.1.1}{\376\377\0001\000.\0001\000.\0001\000\040\000F\000i\000l\000e\000\040\000n\000a\000m\000e\000s}{section.1.1}% 3
\BOOKMARK [2][-]{subsection.1.1.2}{\376\377\0001\000.\0001\000.\0002\000\040\000G\000e\000n\000e\000r\000a\000l\000\040\000v\000a\000r\000i\000a\000b\000l\000e\000s}{section.1.1}% 4
\BOOKMARK [2][-]{subsection.1.1.3}{\376\377\0001\000.\0001\000.\0003\000\040\000C\000l\000a\000s\000s\000e\000s}{section.1.1}% 5
\BOOKMARK [2][-]{subsection.1.1.4}{\376\377\0001\000.\0001\000.\0004\000\040\000P\000r\000i\000v\000a\000t\000e\000\040\000d\000a\000t\000a\000\040\000a\000n\000d\000\040\000a\000c\000c\000e\000s\000s\000\040\000f\000u\000n\000c\000t\000i\000o\000n\000s\000\040\000t\000o\000\040\000p\000r\000i\000v\000a\000t\000e\000\040\000d\000a\000t\000a}{section.1.1}% 6
\BOOKMARK [2][-]{subsection.1.1.5}{\376\377\0001\000.\0001\000.\0005\000\040\000P\000o\000i\000n\000t\000e\000r\000s}{section.1.1}% 7
\BOOKMARK [2][-]{subsection.1.1.6}{\376\377\0001\000.\0001\000.\0006\000\040\000A\000c\000c\000e\000s\000s\000\040\000f\000u\000n\000c\000t\000i\000o\000n\000s\000\040\000t\000o\000\040\000c\000o\000n\000t\000a\000i\000n\000e\000r\000s}{section.1.1}% 8
\BOOKMARK [2][-]{subsection.1.1.7}{\376\377\0001\000.\0001\000.\0007\000\040\000T\000e\000m\000p\000l\000a\000t\000e\000\040\000p\000a\000r\000a\000m\000e\000t\000e\000r\000s}{section.1.1}% 9
\BOOKMARK [2][-]{subsection.1.1.8}{\376\377\0001\000.\0001\000.\0008\000\040\000U\000s\000e\000\040\000d\000e\000s\000c\000r\000i\000p\000t\000i\000v\000e\000\040\000f\000u\000n\000c\000t\000i\000o\000n\000/\000v\000a\000r\000i\000a\000b\000l\000e\000\040\000n\000a\000m\000e\000s}{section.1.1}% 10
\BOOKMARK [1][-]{section.1.2}{\376\377\0001\000.\0002\000\040\000L\000a\000y\000o\000u\000t\000\040\000e\000t\000c\000.}{chapter.1}% 11
\BOOKMARK [2][-]{subsection.1.2.1}{\376\377\0001\000.\0002\000.\0001\000\040\000P\000o\000s\000i\000t\000i\000o\000n\000\040\000o\000f\000\040\000i\000n\000c\000l\000u\000d\000e\000\040\000s\000t\000a\000t\000e\000m\000e\000n\000t\000s}{section.1.2}% 12
\BOOKMARK [2][-]{subsection.1.2.2}{\376\377\0001\000.\0002\000.\0002\000\040\000L\000a\000y\000o\000u\000t\000\040\000o\000f\000\040\000b\000l\000o\000c\000k\000s}{section.1.2}% 13
\BOOKMARK [2][-]{subsection.1.2.3}{\376\377\0001\000.\0002\000.\0003\000\040\000I\000n\000d\000e\000n\000t\000a\000t\000i\000o\000n}{section.1.2}% 14
\BOOKMARK [2][-]{subsection.1.2.4}{\376\377\0001\000.\0002\000.\0004\000\040\000L\000a\000y\000o\000u\000t\000\040\000o\000f\000\040\000f\000u\000n\000c\000t\000i\000o\000n\000s\000,\000\040\000c\000l\000a\000s\000s\000e\000s\000,\000\040\000e\000t\000c\000.}{section.1.2}% 15
\BOOKMARK [2][-]{subsection.1.2.5}{\376\377\0001\000.\0002\000.\0005\000\040\000T\000h\000e\000\040\000o\000o\000m\000p\000h\000-\000l\000i\000b\000\040\000n\000a\000m\000e\000s\000p\000a\000c\000e}{section.1.2}% 16
\BOOKMARK [2][-]{subsection.1.2.6}{\376\377\0001\000.\0002\000.\0006\000\040\000N\000a\000m\000e\000s\000p\000a\000c\000e\000\040\000p\000o\000l\000l\000u\000t\000i\000o\000n}{section.1.2}% 17
\BOOKMARK [2][-]{subsection.1.2.7}{\376\377\0001\000.\0002\000.\0007\000\040\000L\000a\000y\000o\000u\000t\000\040\000o\000f\000\040\000c\000l\000a\000s\000s\000\040\000d\000e\000f\000i\000n\000i\000t\000i\000o\000n\000s\000\040\000a\000n\000d\000\040\000i\000n\000c\000l\000u\000d\000e\000\040\000g\000u\000a\000r\000d\000s\000.}{section.1.2}% 18
\BOOKMARK [1][-]{section.1.3}{\376\377\0001\000.\0003\000\040\000D\000e\000b\000u\000g\000g\000i\000n\000g\000\040\000e\000t\000c\000.}{chapter.1}% 19
\BOOKMARK [2][-]{subsection.1.3.1}{\376\377\0001\000.\0003\000.\0001\000\040\000T\000h\000e\000\040\000P\000A\000R\000A\000N\000O\000I\000D\000\040\000f\000l\000a\000g\000\040\000a\000n\000d\000\040\000e\000r\000r\000o\000r\000\040\000h\000a\000n\000d\000l\000i\000n\000g}{section.1.3}% 20
\BOOKMARK [2][-]{subsection.1.3.2}{\376\377\0001\000.\0003\000.\0002\000\040\000R\000a\000n\000g\000e\000\040\000c\000h\000e\000c\000k\000i\000n\000g}{section.1.3}% 21
\BOOKMARK [2][-]{subsection.1.3.3}{\376\377\0001\000.\0003\000.\0003\000\040\000S\000e\000l\000f\000\040\000t\000e\000s\000t\000\040\000r\000o\000u\000t\000i\000n\000e\000s}{section.1.3}% 22
\BOOKMARK [1][-]{section.1.4}{\376\377\0001\000.\0004\000\040\000O\000t\000h\000e\000r\000\040\000c\000o\000n\000v\000e\000n\000t\000i\000o\000n\000s}{chapter.1}% 23
\BOOKMARK [2][-]{subsection.1.4.1}{\376\377\0001\000.\0004\000.\0001\000\040\000C\000o\000n\000s\000t\000-\000n\000e\000s\000s}{section.1.4}% 24
\BOOKMARK [2][-]{subsection.1.4.2}{\376\377\0001\000.\0004\000.\0002\000\040\000O\000n\000l\000y\000\040\000u\000s\000e\000\040\000i\000n\000t\000\040\000i\000f\000\040\000a\000\040\000v\000a\000r\000i\000a\000b\000l\000e\000\040\000c\000a\000n\000\040\000a\000c\000t\000u\000a\000l\000l\000y\000\040\000t\000a\000k\000e\000\040\000n\000e\000g\000a\000t\000i\000v\000e\000\040\000v\000a\000l\000u\000e\000s}{section.1.4}% 25
\BOOKMARK [2][-]{subsection.1.4.3}{\376\377\0001\000.\0004\000.\0003\000\040\000O\000n\000l\000y\000\040\000u\000s\000e\000\040\000`\000\250\000p\000a\000s\000s\000\040\000b\000y\000\040\000r\000e\000f\000e\000r\000e\000n\000c\000e\000`\000\250}{section.1.4}% 26
\BOOKMARK [2][-]{subsection.1.4.4}{\376\377\0001\000.\0004\000.\0004\000\040\000P\000r\000o\000v\000i\000d\000e\000\040\000f\000u\000l\000l\000y\000-\000f\000u\000n\000c\000t\000i\000o\000n\000a\000l\000\040\000o\000r\000\040\000d\000e\000l\000i\000b\000e\000r\000a\000t\000e\000l\000y\000-\000b\000r\000o\000k\000e\000n\000\040\000c\000o\000p\000y\000\040\000c\000o\000n\000s\000t\000r\000u\000c\000t\000o\000r\000s\000\040\000a\000n\000d\000\040\000a\000s\000s\000i\000g\000n\000m\000e\000n\000t\000\040\000o\000p\000e\000r\000a\000t\000o\000r\000s}{section.1.4}% 27
\BOOKMARK [2][-]{subsection.1.4.5}{\376\377\0001\000.\0004\000.\0005\000\040\000O\000r\000d\000e\000r\000\040\000o\000f\000\040\000a\000r\000g\000u\000m\000e\000n\000t\000s}{section.1.4}% 28
\BOOKMARK [2][-]{subsection.1.4.6}{\376\377\0001\000.\0004\000.\0006\000\040\000A\000c\000c\000e\000s\000s\000\040\000t\000o\000\040\000e\000l\000e\000m\000e\000n\000t\000s\000\040\000i\000n\000\040\000c\000o\000n\000t\000a\000i\000n\000e\000r\000s}{section.1.4}% 29
\BOOKMARK [2][-]{subsection.1.4.7}{\376\377\0001\000.\0004\000.\0007\000\040\000B\000o\000o\000l\000e\000a\000n\000\040\000m\000e\000m\000b\000e\000r\000\040\000d\000a\000t\000a}{section.1.4}% 30
\BOOKMARK [2][-]{subsection.1.4.8}{\376\377\0001\000.\0004\000.\0008\000\040\000M\000a\000c\000r\000o\000s}{section.1.4}% 31
\BOOKMARK [2][-]{subsection.1.4.9}{\376\377\0001\000.\0004\000.\0009\000\040\000I\000n\000l\000i\000n\000i\000n\000g}{section.1.4}% 32
\BOOKMARK [1][-]{section.1.5}{\376\377\0001\000.\0005\000\040\000P\000D\000F\000\040\000f\000i\000l\000e}{chapter.1}% 33
