\BOOKMARK [0][-]{chapter.1}{\376\377\0001\000\040\000o\000o\000m\000p\000h\000-\000l\000i\000b\000\047\000s\000\040\000B\000l\000o\000c\000k\000\040\000P\000r\000e\000c\000o\000n\000d\000i\000t\000i\000o\000n\000i\000n\000g\000\040\000F\000r\000a\000m\000e\000w\000o\000r\000k}{}% 1
\BOOKMARK [1][-]{section.1.1}{\376\377\0001\000.\0001\000\040\000T\000h\000e\000o\000r\000e\000t\000i\000c\000a\000l\000\040\000b\000a\000c\000k\000g\000r\000o\000u\000n\000d}{chapter.1}% 2
\BOOKMARK [1][-]{section.1.2}{\376\377\0001\000.\0002\000\040\000O\000v\000e\000r\000v\000i\000e\000w}{chapter.1}% 3
\BOOKMARK [2][-]{subsection.1.2.1}{\376\377\0001\000.\0002\000.\0001\000\040\000T\000h\000e\000\040\000c\000l\000a\000s\000s\000i\000f\000i\000c\000a\000t\000i\000o\000n\000\040\000o\000f\000\040\000d\000o\000f\000\040\000t\000y\000p\000e\000s\000\040\000v\000i\000a\000\040\000b\000l\000o\000c\000k\000\040\000p\000r\000e\000c\000o\000n\000d\000i\000t\000i\000o\000n\000a\000b\000l\000e\000\040\000e\000l\000e\000m\000e\000n\000t\000s}{section.1.2}% 4
\BOOKMARK [2][-]{subsection.1.2.2}{\376\377\0001\000.\0002\000.\0002\000\040\000d\000o\000f\000\040\000t\000y\000p\000e\000s\000,\000\040\000b\000l\000o\000c\000k\000s\000,\000\040\000c\000o\000m\000p\000o\000u\000n\000d\000\040\000b\000l\000o\000c\000k\000s\000\040\000a\000n\000d\000\040\000m\000e\000s\000h\000e\000s}{section.1.2}% 5
\BOOKMARK [1][-]{section.1.3}{\376\377\0001\000.\0003\000\040\000S\000i\000m\000p\000l\000e\000\040\000p\000r\000e\000c\000o\000n\000d\000i\000t\000i\000o\000n\000e\000r\000\040\000e\000x\000a\000m\000p\000l\000e\000s}{chapter.1}% 6
\BOOKMARK [2][-]{subsection.1.3.1}{\376\377\0001\000.\0003\000.\0001\000\040\000A\000\040\000b\000l\000o\000c\000k\000\040\000d\000i\000a\000g\000o\000n\000a\000l\000\040\000p\000r\000e\000c\000o\000n\000d\000i\000t\000i\000o\000n\000e\000r}{section.1.3}% 7
\BOOKMARK [3][-]{subsubsection.1.3.1.1}{\376\377\0001\000.\0003\000.\0001\000.\0001\000\040\000T\000h\000e\000o\000r\000y}{subsection.1.3.1}% 8
\BOOKMARK [3][-]{subsubsection.1.3.1.2}{\376\377\0001\000.\0003\000.\0001\000.\0002\000\040\000I\000m\000p\000l\000e\000m\000e\000n\000t\000a\000t\000i\000o\000n\000\040\000a\000s\000\040\000a\000\040\000B\000l\000o\000c\000k\000P\000r\000e\000c\000o\000n\000d\000i\000t\000i\000o\000n\000e\000r}{subsection.1.3.1}% 9
\BOOKMARK [3][-]{subsubsection.1.3.1.3}{\376\377\0001\000.\0003\000.\0001\000.\0003\000\040\000T\000h\000e\000\040\000s\000e\000t\000u\000p\000\050\000\051\000\040\000f\000u\000n\000c\000t\000i\000o\000n}{subsection.1.3.1}% 10
\BOOKMARK [3][-]{subsubsection.1.3.1.4}{\376\377\0001\000.\0003\000.\0001\000.\0004\000\040\000T\000h\000e\000\040\000p\000r\000e\000c\000o\000n\000d\000i\000t\000i\000o\000n\000e\000r\000\137\000s\000o\000l\000v\000e\000\050\000\051\000\040\000f\000u\000n\000c\000t\000i\000o\000n}{subsection.1.3.1}% 11
\BOOKMARK [3][-]{subsubsection.1.3.1.5}{\376\377\0001\000.\0003\000.\0001\000.\0005\000\040\000T\000h\000e\000\040\000c\000l\000e\000a\000n\000\137\000u\000p\000\137\000m\000y\000\137\000m\000e\000m\000o\000r\000y\000\050\000\051\000\040\000f\000u\000n\000c\000t\000i\000o\000n}{subsection.1.3.1}% 12
\BOOKMARK [3][-]{subsubsection.1.3.1.6}{\376\377\0001\000.\0003\000.\0001\000.\0006\000\040\000C\000o\000m\000m\000e\000n\000t\000s\000\040\000a\000n\000d\000\040\000E\000x\000e\000r\000c\000i\000s\000e\000s}{subsection.1.3.1}% 13
\BOOKMARK [2][-]{subsection.1.3.2}{\376\377\0001\000.\0003\000.\0002\000\040\000A\000\040\000b\000l\000o\000c\000k\000\040\000u\000p\000p\000e\000r\000\040\000t\000r\000i\000a\000n\000g\000u\000l\000a\000r\000\040\000p\000r\000e\000c\000o\000n\000d\000i\000t\000i\000o\000n\000e\000r}{section.1.3}% 14
\BOOKMARK [3][-]{subsubsection.1.3.2.1}{\376\377\0001\000.\0003\000.\0002\000.\0001\000\040\000T\000h\000e\000o\000r\000y}{subsection.1.3.2}% 15
\BOOKMARK [3][-]{subsubsection.1.3.2.2}{\376\377\0001\000.\0003\000.\0002\000.\0002\000\040\000I\000m\000p\000l\000e\000m\000e\000n\000t\000a\000t\000i\000o\000n\000\040\000a\000s\000\040\000a\000\040\000B\000l\000o\000c\000k\000P\000r\000e\000c\000o\000n\000d\000i\000t\000i\000o\000n\000e\000r}{subsection.1.3.2}% 16
\BOOKMARK [3][-]{subsubsection.1.3.2.3}{\376\377\0001\000.\0003\000.\0002\000.\0003\000\040\000T\000h\000e\000\040\000s\000e\000t\000u\000p\000\050\000\051\000\040\000f\000u\000n\000c\000t\000i\000o\000n}{subsection.1.3.2}% 17
\BOOKMARK [3][-]{subsubsection.1.3.2.4}{\376\377\0001\000.\0003\000.\0002\000.\0004\000\040\000T\000h\000e\000\040\000p\000r\000e\000c\000o\000n\000d\000i\000t\000i\000o\000n\000e\000r\000\137\000s\000o\000l\000v\000e\000\050\000\051\000\040\000f\000u\000n\000c\000t\000i\000o\000n}{subsection.1.3.2}% 18
\BOOKMARK [3][-]{subsubsection.1.3.2.5}{\376\377\0001\000.\0003\000.\0002\000.\0005\000\040\000T\000h\000e\000\040\000c\000l\000e\000a\000n\000\137\000u\000p\000\137\000m\000y\000\137\000m\000e\000m\000o\000r\000y\000\050\000\051\000\040\000f\000u\000n\000c\000t\000i\000o\000n}{subsection.1.3.2}% 19
\BOOKMARK [2][-]{subsection.1.3.3}{\376\377\0001\000.\0003\000.\0003\000\040\000C\000o\000m\000b\000i\000n\000i\000n\000g\000\040\000m\000u\000l\000t\000i\000p\000l\000e\000\040\000d\000o\000f\000\040\000t\000y\000p\000e\000s\000\040\000i\000n\000t\000o\000\040\000c\000o\000m\000p\000o\000u\000n\000d\000\040\000b\000l\000o\000c\000k\000s\000.\000\040\000P\000a\000r\000t\000\040\0001}{section.1.3}% 20
\BOOKMARK [3][-]{subsubsection.1.3.3.1}{\376\377\0001\000.\0003\000.\0003\000.\0001\000\040\000T\000h\000e\000o\000r\000y}{subsection.1.3.3}% 21
\BOOKMARK [3][-]{subsubsection.1.3.3.2}{\376\377\0001\000.\0003\000.\0003\000.\0002\000\040\000I\000m\000p\000l\000e\000m\000e\000n\000t\000a\000t\000i\000o\000n\000\040\000a\000s\000\040\000a\000\040\000B\000l\000o\000c\000k\000P\000r\000e\000c\000o\000n\000d\000i\000t\000i\000o\000n\000e\000r}{subsection.1.3.3}% 22
\BOOKMARK [3][-]{subsubsection.1.3.3.3}{\376\377\0001\000.\0003\000.\0003\000.\0003\000\040\000T\000h\000e\000\040\000s\000e\000t\000u\000p\000\050\000\051\000\040\000f\000u\000n\000c\000t\000i\000o\000n}{subsection.1.3.3}% 23
\BOOKMARK [3][-]{subsubsection.1.3.3.4}{\376\377\0001\000.\0003\000.\0003\000.\0004\000\040\000T\000h\000e\000\040\000p\000r\000e\000c\000o\000n\000d\000i\000t\000i\000o\000n\000e\000r\000\137\000s\000o\000l\000v\000e\000\050\000\051\000\040\000f\000u\000n\000c\000t\000i\000o\000n}{subsection.1.3.3}% 24
\BOOKMARK [3][-]{subsubsection.1.3.3.5}{\376\377\0001\000.\0003\000.\0003\000.\0005\000\040\000T\000h\000e\000\040\000c\000l\000e\000a\000n\000\137\000u\000p\000\137\000m\000y\000\137\000m\000e\000m\000o\000r\000y\000\050\000\051\000\040\000f\000u\000n\000c\000t\000i\000o\000n}{subsection.1.3.3}% 25
\BOOKMARK [2][-]{subsection.1.3.4}{\376\377\0001\000.\0003\000.\0004\000\040\000C\000o\000m\000b\000i\000n\000i\000n\000g\000\040\000m\000u\000l\000t\000i\000p\000l\000e\000\040\000d\000o\000f\000\040\000t\000y\000p\000e\000s\000\040\000i\000n\000t\000o\000\040\000c\000o\000m\000p\000o\000u\000n\000d\000\040\000b\000l\000o\000c\000k\000s\000.\000\040\000P\000a\000r\000t\000\040\0002\000:\000\040\000H\000o\000w\000\040\000t\000o\000\040\000d\000e\000a\000l\000\040\000w\000i\000t\000h\000\040\000o\000f\000f\000-\000d\000i\000a\000g\000o\000n\000a\000l\000\040\000b\000l\000o\000c\000k\000s}{section.1.3}% 26
\BOOKMARK [3][-]{subsubsection.1.3.4.1}{\376\377\0001\000.\0003\000.\0004\000.\0001\000\040\000T\000h\000e\000o\000r\000y}{subsection.1.3.4}% 27
\BOOKMARK [3][-]{subsubsection.1.3.4.2}{\376\377\0001\000.\0003\000.\0004\000.\0002\000\040\000I\000m\000p\000l\000e\000m\000e\000n\000t\000a\000t\000i\000o\000n\000\040\000a\000s\000\040\000a\000\040\000B\000l\000o\000c\000k\000P\000r\000e\000c\000o\000n\000d\000i\000t\000i\000o\000n\000e\000r}{subsection.1.3.4}% 28
\BOOKMARK [3][-]{subsubsection.1.3.4.3}{\376\377\0001\000.\0003\000.\0004\000.\0003\000\040\000T\000h\000e\000\040\000s\000e\000t\000u\000p\000\050\000\051\000\040\000f\000u\000n\000c\000t\000i\000o\000n}{subsection.1.3.4}% 29
\BOOKMARK [3][-]{subsubsection.1.3.4.4}{\376\377\0001\000.\0003\000.\0004\000.\0004\000\040\000T\000h\000e\000\040\000p\000r\000e\000c\000o\000n\000d\000i\000t\000i\000o\000n\000e\000r\000\137\000s\000o\000l\000v\000e\000\050\000\051\000\040\000f\000u\000n\000c\000t\000i\000o\000n}{subsection.1.3.4}% 30
\BOOKMARK [3][-]{subsubsection.1.3.4.5}{\376\377\0001\000.\0003\000.\0004\000.\0005\000\040\000T\000h\000e\000\040\000c\000l\000e\000a\000n\000\137\000u\000p\000\137\000m\000y\000\137\000m\000e\000m\000o\000r\000y\000\050\000\051\000\040\000f\000u\000n\000c\000t\000i\000o\000n}{subsection.1.3.4}% 31
\BOOKMARK [2][-]{subsection.1.3.5}{\376\377\0001\000.\0003\000.\0005\000\040\000U\000s\000i\000n\000g\000\040\000s\000u\000b\000s\000i\000d\000i\000a\000r\000y\000\040\000b\000l\000o\000c\000k\000\040\000p\000r\000e\000c\000o\000n\000d\000i\000t\000i\000o\000n\000e\000r\000s}{section.1.3}% 32
\BOOKMARK [3][-]{subsubsection.1.3.5.1}{\376\377\0001\000.\0003\000.\0005\000.\0001\000\040\000T\000h\000e\000o\000r\000y}{subsection.1.3.5}% 33
\BOOKMARK [3][-]{subsubsection.1.3.5.2}{\376\377\0001\000.\0003\000.\0005\000.\0002\000\040\000I\000m\000p\000l\000e\000m\000e\000n\000t\000a\000t\000i\000o\000n\000\040\000a\000s\000\040\000a\000\040\000B\000l\000o\000c\000k\000P\000r\000e\000c\000o\000n\000d\000i\000t\000i\000o\000n\000e\000r}{subsection.1.3.5}% 34
\BOOKMARK [3][-]{subsubsection.1.3.5.3}{\376\377\0001\000.\0003\000.\0005\000.\0003\000\040\000T\000h\000e\000\040\000s\000e\000t\000u\000p\000\050\000\051\000\040\000f\000u\000n\000c\000t\000i\000o\000n}{subsection.1.3.5}% 35
\BOOKMARK [3][-]{subsubsection.1.3.5.4}{\376\377\0001\000.\0003\000.\0005\000.\0004\000\040\000T\000h\000e\000\040\000p\000r\000e\000c\000o\000n\000d\000i\000t\000i\000o\000n\000e\000r\000\137\000s\000o\000l\000v\000e\000\050\000\051\000\040\000f\000u\000n\000c\000t\000i\000o\000n}{subsection.1.3.5}% 36
\BOOKMARK [3][-]{subsubsection.1.3.5.5}{\376\377\0001\000.\0003\000.\0005\000.\0005\000\040\000T\000h\000e\000\040\000c\000l\000e\000a\000n\000\137\000u\000p\000\137\000m\000y\000\137\000m\000e\000m\000o\000r\000y\000\050\000\051\000\040\000f\000u\000n\000c\000t\000i\000o\000n}{subsection.1.3.5}% 37
\BOOKMARK [2][-]{subsection.1.3.6}{\376\377\0001\000.\0003\000.\0006\000\040\000R\000e\000p\000l\000a\000c\000i\000n\000g\000/\000m\000o\000d\000i\000f\000y\000i\000n\000g\000\040\000b\000l\000o\000c\000k\000s}{section.1.3}% 38
\BOOKMARK [3][-]{subsubsection.1.3.6.1}{\376\377\0001\000.\0003\000.\0006\000.\0001\000\040\000T\000h\000e\000o\000r\000y}{subsection.1.3.6}% 39
\BOOKMARK [3][-]{subsubsection.1.3.6.2}{\376\377\0001\000.\0003\000.\0006\000.\0002\000\040\000I\000m\000p\000l\000e\000m\000e\000n\000t\000a\000t\000i\000o\000n\000\040\000a\000s\000\040\000a\000\040\000B\000l\000o\000c\000k\000P\000r\000e\000c\000o\000n\000d\000i\000t\000i\000o\000n\000e\000r}{subsection.1.3.6}% 40
\BOOKMARK [3][-]{subsubsection.1.3.6.3}{\376\377\0001\000.\0003\000.\0006\000.\0003\000\040\000T\000h\000e\000\040\000s\000e\000t\000u\000p\000\050\000\051\000\040\000f\000u\000n\000c\000t\000i\000o\000n}{subsection.1.3.6}% 41
\BOOKMARK [3][-]{subsubsection.1.3.6.4}{\376\377\0001\000.\0003\000.\0006\000.\0004\000\040\000T\000h\000e\000\040\000p\000r\000e\000c\000o\000n\000d\000i\000t\000i\000o\000n\000e\000r\000\137\000s\000o\000l\000v\000e\000\050\000\051\000\040\000f\000u\000n\000c\000t\000i\000o\000n}{subsection.1.3.6}% 42
\BOOKMARK [3][-]{subsubsection.1.3.6.5}{\376\377\0001\000.\0003\000.\0006\000.\0005\000\040\000T\000h\000e\000\040\000c\000l\000e\000a\000n\000\137\000u\000p\000\137\000m\000y\000\137\000m\000e\000m\000o\000r\000y\000\050\000\051\000\040\000f\000u\000n\000c\000t\000i\000o\000n}{subsection.1.3.6}% 43
\BOOKMARK [2][-]{subsection.1.3.7}{\376\377\0001\000.\0003\000.\0007\000\040\000C\000o\000a\000r\000s\000e\000n\000i\000n\000g\000/\000c\000o\000m\000b\000i\000n\000i\000n\000g\000\040\000d\000o\000f\000\040\000t\000y\000p\000e\000s}{section.1.3}% 44
\BOOKMARK [3][-]{subsubsection.1.3.7.1}{\376\377\0001\000.\0003\000.\0007\000.\0001\000\040\000T\000h\000e\000o\000r\000y}{subsection.1.3.7}% 45
\BOOKMARK [3][-]{subsubsection.1.3.7.2}{\376\377\0001\000.\0003\000.\0007\000.\0002\000\040\000I\000m\000p\000l\000e\000m\000e\000n\000t\000a\000t\000i\000o\000n\000\040\000a\000s\000\040\000a\000\040\000B\000l\000o\000c\000k\000P\000r\000e\000c\000o\000n\000d\000i\000t\000i\000o\000n\000e\000r}{subsection.1.3.7}% 46
\BOOKMARK [3][-]{subsubsection.1.3.7.3}{\376\377\0001\000.\0003\000.\0007\000.\0003\000\040\000T\000h\000e\000\040\000s\000e\000t\000u\000p\000\050\000\051\000\040\000f\000u\000n\000c\000t\000i\000o\000n}{subsection.1.3.7}% 47
\BOOKMARK [3][-]{subsubsection.1.3.7.4}{\376\377\0001\000.\0003\000.\0007\000.\0004\000\040\000T\000h\000e\000\040\000p\000r\000e\000c\000o\000n\000d\000i\000t\000i\000o\000n\000e\000r\000\137\000s\000o\000l\000v\000e\000\050\000\051\000\040\000f\000u\000n\000c\000t\000i\000o\000n}{subsection.1.3.7}% 48
\BOOKMARK [3][-]{subsubsection.1.3.7.5}{\376\377\0001\000.\0003\000.\0007\000.\0005\000\040\000T\000h\000e\000\040\000c\000l\000e\000a\000n\000\137\000u\000p\000\137\000m\000y\000\137\000m\000e\000m\000o\000r\000y\000\050\000\051\000\040\000f\000u\000n\000c\000t\000i\000o\000n}{subsection.1.3.7}% 49
\BOOKMARK [2][-]{subsection.1.3.8}{\376\377\0001\000.\0003\000.\0008\000\040\000U\000s\000i\000n\000g\000\040\000m\000u\000l\000t\000i\000p\000l\000e\000\040\000m\000e\000s\000h\000e\000s\000\040\040\023\000\040\000e\000x\000p\000l\000a\000i\000n\000e\000d\000\040\000f\000o\000r\000\040\000a\000\040\000g\000e\000n\000u\000i\000n\000e\000\040\000f\000l\000u\000i\000d\000-\000s\000t\000r\000u\000c\000t\000u\000r\000e\000\040\000i\000n\000t\000e\000r\000a\000c\000t\000i\000o\000n\000\040\000p\000r\000o\000b\000l\000e\000m}{section.1.3}% 50
\BOOKMARK [3][-]{subsubsection.1.3.8.1}{\376\377\0001\000.\0003\000.\0008\000.\0001\000\040\000T\000h\000e\000o\000r\000y}{subsection.1.3.8}% 51
\BOOKMARK [3][-]{subsubsection.1.3.8.2}{\376\377\0001\000.\0003\000.\0008\000.\0002\000\040\000T\000h\000e\000\040\000I\000m\000p\000l\000e\000m\000e\000n\000t\000a\000t\000i\000o\000n\000\040\000o\000f\000\040\000t\000h\000e\000\040\000F\000S\000I\000\040\000P\000r\000e\000c\000o\000n\000d\000i\000t\000i\000o\000n\000e\000r}{subsection.1.3.8}% 52
\BOOKMARK [3][-]{subsubsection.1.3.8.3}{\376\377\0001\000.\0003\000.\0008\000.\0003\000\040\000P\000r\000e\000c\000o\000n\000d\000i\000t\000i\000o\000n\000e\000r\000\040\000S\000e\000t\000u\000p}{subsection.1.3.8}% 53
\BOOKMARK [2][-]{subsection.1.3.9}{\376\377\0001\000.\0003\000.\0009\000\040\000P\000r\000e\000c\000o\000n\000d\000i\000t\000i\000o\000n\000e\000r\000\040\000S\000o\000l\000v\000e}{section.1.3}% 54
\BOOKMARK [1][-]{section.1.4}{\376\377\0001\000.\0004\000\040\000P\000a\000r\000a\000l\000l\000e\000l\000i\000s\000a\000t\000i\000o\000n}{chapter.1}% 55
\BOOKMARK [1][-]{section.1.5}{\376\377\0001\000.\0005\000\040\000S\000o\000u\000r\000c\000e\000\040\000f\000i\000l\000e\000s\000\040\000f\000o\000r\000\040\000t\000h\000i\000s\000\040\000t\000u\000t\000o\000r\000i\000a\000l}{chapter.1}% 56
\BOOKMARK [1][-]{section.1.6}{\376\377\0001\000.\0006\000\040\000P\000D\000F\000\040\000f\000i\000l\000e}{chapter.1}% 57
