\BOOKMARK [0][-]{chapter.1}{\376\377\0001\000\040\000E\000x\000a\000m\000p\000l\000e\000\040\000p\000r\000o\000b\000l\000e\000m\000:\000\040\000T\000h\000e\000\040\000H\000e\000l\000m\000h\000o\000l\000t\000z\000\040\000e\000q\000u\000a\000t\000i\000o\000n\000\040\000w\000i\000t\000h\000\040\000p\000e\000r\000f\000e\000c\000t\000l\000y\000\040\000m\000a\000t\000c\000h\000e\000d\000\040\000l\000a\000y\000e\000r\000s}{}% 1
\BOOKMARK [1][-]{section.1.1}{\376\377\0001\000.\0001\000\040\000T\000h\000e\000o\000r\000y\000:\000\040\000T\000h\000e\000\040\000H\000e\000l\000m\000h\000o\000l\000t\000z\000\040\000e\000q\000u\000a\000t\000i\000o\000n\000\040\000f\000o\000r\000\040\000t\000i\000m\000e\000-\000h\000a\000r\000m\000o\000n\000i\000c\000\040\000s\000c\000a\000t\000t\000e\000r\000i\000n\000g\000\040\000p\000r\000o\000b\000l\000e\000m\000s}{chapter.1}% 2
\BOOKMARK [1][-]{section.1.2}{\376\377\0001\000.\0002\000\040\000D\000i\000s\000c\000r\000e\000t\000i\000s\000a\000t\000i\000o\000n\000\040\000b\000y\000\040\000f\000i\000n\000i\000t\000e\000\040\000e\000l\000e\000m\000e\000n\000t\000s}{chapter.1}% 3
\BOOKMARK [2][-]{subsection.1.2.1}{\376\377\0001\000.\0002\000.\0001\000\040\000P\000e\000r\000f\000e\000c\000t\000l\000y\000\040\000m\000a\000t\000c\000h\000e\000d\000\040\000l\000a\000y\000e\000r\000s}{section.1.2}% 4
\BOOKMARK [2][-]{subsection.1.2.2}{\376\377\0001\000.\0002\000.\0002\000\040\000I\000m\000p\000l\000e\000m\000e\000n\000t\000a\000t\000i\000o\000n\000\040\000o\000f\000\040\000t\000h\000e\000\040\000p\000e\000r\000f\000e\000c\000t\000l\000y\000\040\000m\000a\000t\000c\000h\000e\000d\000\040\000l\000a\000y\000e\000r\000s\000\040\000w\000i\000t\000h\000i\000n\000\040\000o\000o\000m\000p\000h\000-\000l\000i\000b}{section.1.2}% 5
\BOOKMARK [1][-]{section.1.3}{\376\377\0001\000.\0003\000\040\000A\000\040\000s\000p\000e\000c\000i\000f\000i\000c\000\040\000e\000x\000a\000m\000p\000l\000e\000:\000\040\000O\000u\000t\000w\000a\000r\000d\000\040\000p\000r\000o\000p\000a\000g\000a\000t\000i\000o\000n\000\040\000o\000f\000\040\000a\000c\000o\000u\000s\000t\000i\000c\000\040\000w\000a\000v\000e\000s\000\040\000f\000r\000o\000m\000\040\000t\000h\000e\000\040\000s\000u\000r\000f\000a\000c\000e\000\040\000o\000f\000\040\000a\000\040\000c\000y\000l\000i\000n\000d\000r\000i\000c\000a\000l\000\040\000o\000b\000j\000e\000c\000t}{chapter.1}% 6
\BOOKMARK [1][-]{section.1.4}{\376\377\0001\000.\0004\000\040\000R\000e\000s\000u\000l\000t\000s}{chapter.1}% 7
\BOOKMARK [1][-]{section.1.5}{\376\377\0001\000.\0005\000\040\000T\000h\000e\000\040\000n\000u\000m\000e\000r\000i\000c\000a\000l\000\040\000s\000o\000l\000u\000t\000i\000o\000n}{chapter.1}% 8
\BOOKMARK [2][-]{subsection.1.5.1}{\376\377\0001\000.\0005\000.\0001\000\040\000T\000h\000e\000\040\000g\000l\000o\000b\000a\000l\000\040\000n\000a\000m\000e\000s\000p\000a\000c\000e}{section.1.5}% 9
\BOOKMARK [2][-]{subsection.1.5.2}{\376\377\0001\000.\0005\000.\0002\000\040\000T\000h\000e\000\040\000d\000r\000i\000v\000e\000r\000\040\000c\000o\000d\000e}{section.1.5}% 10
\BOOKMARK [2][-]{subsection.1.5.3}{\376\377\0001\000.\0005\000.\0003\000\040\000T\000h\000e\000\040\000p\000r\000o\000b\000l\000e\000m\000\040\000c\000l\000a\000s\000s}{section.1.5}% 11
\BOOKMARK [2][-]{subsection.1.5.4}{\376\377\0001\000.\0005\000.\0004\000\040\000T\000h\000e\000\040\000p\000r\000o\000b\000l\000e\000m\000\040\000c\000o\000n\000s\000t\000r\000u\000c\000t\000o\000r}{section.1.5}% 12
\BOOKMARK [2][-]{subsection.1.5.5}{\376\377\0001\000.\0005\000.\0005\000\040\000A\000p\000p\000l\000y\000i\000n\000g\000\040\000t\000h\000e\000\040\000b\000o\000u\000n\000d\000a\000r\000y\000\040\000c\000o\000n\000d\000i\000t\000i\000o\000n\000s}{section.1.5}% 13
\BOOKMARK [2][-]{subsection.1.5.6}{\376\377\0001\000.\0005\000.\0006\000\040\000P\000o\000s\000t\000-\000p\000r\000o\000c\000e\000s\000s\000i\000n\000g}{section.1.5}% 14
\BOOKMARK [1][-]{section.1.6}{\376\377\0001\000.\0006\000\040\000C\000o\000m\000m\000e\000n\000t\000s\000\040\000a\000n\000d\000\040\000E\000x\000e\000r\000c\000i\000s\000e\000s}{chapter.1}% 15
\BOOKMARK [2][-]{subsection.1.6.1}{\376\377\0001\000.\0006\000.\0001\000\040\000T\000h\000e\000\040\000e\000n\000u\000m\000e\000r\000a\000t\000i\000o\000n\000\040\000o\000f\000\040\000t\000h\000e\000\040\000u\000n\000k\000n\000o\000w\000n\000s}{section.1.6}% 16
\BOOKMARK [2][-]{subsection.1.6.2}{\376\377\0001\000.\0006\000.\0002\000\040\000P\000M\000L\000\040\000d\000a\000m\000p\000i\000n\000g\000\040\000f\000u\000n\000c\000t\000i\000o\000n\000s}{section.1.6}% 17
\BOOKMARK [2][-]{subsection.1.6.3}{\376\377\0001\000.\0006\000.\0003\000\040\000E\000x\000e\000r\000c\000i\000s\000e\000s}{section.1.6}% 18
\BOOKMARK [3][-]{subsubsection.1.6.3.1}{\376\377\0001\000.\0006\000.\0003\000.\0001\000\040\000C\000h\000a\000n\000g\000i\000n\000g\000\040\000p\000e\000r\000f\000e\000c\000t\000l\000y\000\040\000m\000a\000t\000c\000h\000e\000d\000\040\000l\000a\000y\000e\000r\000\040\000p\000a\000r\000a\000m\000e\000t\000e\000r\000s}{subsection.1.6.3}% 19
\BOOKMARK [3][-]{subsubsection.1.6.3.2}{\376\377\0001\000.\0006\000.\0003\000.\0002\000\040\000L\000a\000r\000g\000e\000\040\000w\000a\000v\000e\000n\000u\000m\000b\000e\000r\000s}{subsection.1.6.3}% 20
\BOOKMARK [3][-]{subsubsection.1.6.3.3}{\376\377\0001\000.\0006\000.\0003\000.\0003\000\040\000S\000p\000a\000t\000i\000a\000l\000\040\000a\000d\000a\000p\000t\000i\000v\000i\000t\000y}{subsection.1.6.3}% 21
\BOOKMARK [3][-]{subsubsection.1.6.3.4}{\376\377\0001\000.\0006\000.\0003\000.\0004\000\040\000L\000i\000n\000e\000a\000r\000\040\000a\000n\000d\000\040\000c\000u\000b\000i\000c\000\040\000f\000i\000n\000i\000t\000e\000\040\000e\000l\000e\000m\000e\000n\000t\000s}{subsection.1.6.3}% 22
\BOOKMARK [3][-]{subsubsection.1.6.3.5}{\376\377\0001\000.\0006\000.\0003\000.\0005\000\040\000D\000e\000f\000a\000u\000l\000t\000\040\000v\000a\000l\000u\000e\000s\000\040\000f\000o\000r\000\040\000p\000r\000o\000b\000l\000e\000m\000\040\000p\000a\000r\000a\000m\000e\000t\000e\000r\000s}{subsection.1.6.3}% 23
\BOOKMARK [3][-]{subsubsection.1.6.3.6}{\376\377\0001\000.\0006\000.\0003\000.\0006\000\040\000N\000o\000n\000-\000c\000o\000n\000v\000e\000x\000\040\000P\000M\000L\000\040\000b\000o\000u\000n\000d\000a\000r\000i\000e\000s}{subsection.1.6.3}% 24
\BOOKMARK [1][-]{section.1.7}{\376\377\0001\000.\0007\000\040\000S\000o\000u\000r\000c\000e\000\040\000f\000i\000l\000e\000s\000\040\000f\000o\000r\000\040\000t\000h\000i\000s\000\040\000t\000u\000t\000o\000r\000i\000a\000l}{chapter.1}% 25
\BOOKMARK [1][-]{section.1.8}{\376\377\0001\000.\0008\000\040\000P\000D\000F\000\040\000f\000i\000l\000e}{chapter.1}% 26
