This is pdfTeX, Version 3.14159265-2.6-1.40.20 (TeX Live 2019/Debian) (preloaded format=latex 2022.1.4)  4 JAN 2022 14:41
entering extended mode
 restricted \write18 enabled.
 %&-line parsing enabled.
**_formulas.tex
(./_formulas.tex
LaTeX2e <2020-02-02> patch level 2
L3 programming layer <2020-02-14> (/usr/share/texlive/texmf-dist/tex/latex/base
/article.cls
Document Class: article 2019/12/20 v1.4l Standard LaTeX document class
(/usr/share/texlive/texmf-dist/tex/latex/base/size10.clo
File: size10.clo 2019/12/20 v1.4l Standard LaTeX file (size option)
)
\c@part=\count167
\c@section=\count168
\c@subsection=\count169
\c@subsubsection=\count170
\c@paragraph=\count171
\c@subparagraph=\count172
\c@figure=\count173
\c@table=\count174
\abovecaptionskip=\skip47
\belowcaptionskip=\skip48
\bibindent=\dimen134
) (/usr/share/texlive/texmf-dist/tex/latex/base/ifthen.sty
Package: ifthen 2014/09/29 v1.1c Standard LaTeX ifthen package (DPC)
) (/usr/share/texlive/texmf-dist/tex/latex/graphics/epsfig.sty
Package: epsfig 2017/06/25 v1.7b (e)psfig emulation (SPQR)
(/usr/share/texlive/texmf-dist/tex/latex/graphics/graphicx.sty
Package: graphicx 2019/11/30 v1.2a Enhanced LaTeX Graphics (DPC,SPQR)
(/usr/share/texlive/texmf-dist/tex/latex/graphics/keyval.sty
Package: keyval 2014/10/28 v1.15 key=value parser (DPC)
\KV@toks@=\toks14
) (/usr/share/texlive/texmf-dist/tex/latex/graphics/graphics.sty
Package: graphics 2019/11/30 v1.4a Standard LaTeX Graphics (DPC,SPQR)
(/usr/share/texlive/texmf-dist/tex/latex/graphics/trig.sty
Package: trig 2016/01/03 v1.10 sin cos tan (DPC)
) (/usr/share/texlive/texmf-dist/tex/latex/graphics-cfg/graphics.cfg
File: graphics.cfg 2016/06/04 v1.11 sample graphics configuration
)
Package graphics Info: Driver file: dvips.def on input line 105.
(/usr/share/texlive/texmf-dist/tex/latex/graphics-def/dvips.def
File: dvips.def 2017/06/20 v3.1d Graphics/color driver for dvips
))
\Gin@req@height=\dimen135
\Gin@req@width=\dimen136
)
\epsfxsize=\dimen137
\epsfysize=\dimen138
) (/usr/share/texlive/texmf-dist/tex/latex/base/inputenc.sty
Package: inputenc 2018/08/11 v1.3c Input encoding file
\inpenc@prehook=\toks15
\inpenc@posthook=\toks16
) (/usr/share/texlive/texmf-dist/tex/latex/newunicodechar/newunicodechar.sty
Package: newunicodechar 2018/04/08 v1.2 Defining Unicode characters
)

Package newunicodechar Warning: Redefining Unicode character on input line 7.


Package newunicodechar Warning: Redefining Unicode character on input line 8.

(/usr/share/texlive/texmf-dist/tex/latex/l3backend/l3backend-dvips.def
File: l3backend-dvips.def 2020-02-03 L3 backend support: dvips
\l__pdf_internal_box=\box45
\g__pdf_backend_object_int=\count175
\l__pdf_backend_content_box=\box46
\l__pdf_backend_model_box=\box47
\g__pdf_backend_annotation_int=\count176
\g__pdf_backend_link_int=\count177
\g__pdf_backend_link_sf_int=\count178
)
No file _formulas.aux.
\openout1 = `_formulas.aux'.

LaTeX Font Info:    Checking defaults for OML/cmm/m/it on input line 11.
LaTeX Font Info:    ... okay on input line 11.
LaTeX Font Info:    Checking defaults for OMS/cmsy/m/n on input line 11.
LaTeX Font Info:    ... okay on input line 11.
LaTeX Font Info:    Checking defaults for OT1/cmr/m/n on input line 11.
LaTeX Font Info:    ... okay on input line 11.
LaTeX Font Info:    Checking defaults for T1/cmr/m/n on input line 11.
LaTeX Font Info:    ... okay on input line 11.
LaTeX Font Info:    Checking defaults for TS1/cmr/m/n on input line 11.
LaTeX Font Info:    ... okay on input line 11.
LaTeX Font Info:    Checking defaults for OMX/cmex/m/n on input line 11.
LaTeX Font Info:    ... okay on input line 11.
LaTeX Font Info:    Checking defaults for U/cmr/m/n on input line 11.
LaTeX Font Info:    ... okay on input line 11.
LaTeX Font Info:    External font `cmex10' loaded for size
(Font)              <7> on input line 12.
LaTeX Font Info:    External font `cmex10' loaded for size
(Font)              <5> on input line 12.
[1

] [2] [3] [4] [5] [6] [7] [8] [9] [10] [11] [12] [13] [14] [15] [16] [17] [18] 
[19]

LaTeX Font Warning: Command \boldmath invalid in math mode on input line 69.


LaTeX Font Warning: Command \mathversion invalid in math mode on input line 69.


[20] [21]

LaTeX Font Warning: Command \boldmath invalid in math mode on input line 75.


LaTeX Font Warning: Command \mathversion invalid in math mode on input line 75.


[22]

LaTeX Font Warning: Command \boldmath invalid in math mode on input line 78.


LaTeX Font Warning: Command \mathversion invalid in math mode on input line 78.


[23] [24] [25] [26] [27] [28] [29] [30] [31] [32] [33] [34] [35] [36] [37] [38]
[39] [40] [41] [42] [43] [44] [45] [46] [47] [48] [49] [50] [51] [52] [53] [54]
[55] [56] [57] [58]
Overfull \hbox (23.30324pt too wide) detected at line 186
\OML/cmm/m/it/10 ^^Z [] \OT1/cmr/m/n/10 = \OML/cmm/m/it/10 B[] [] \OT1/cmr/m/n/
10 + \OML/cmm/m/it/10 ^^ZG[] \OT1/cmr/m/n/10 + [][] \OMS/cmsy/m/n/10 ^^@ [] \OT
1/cmr/m/n/10 + []\OML/cmm/m/it/10 ;
 []

[59] [60]
Overfull \hbox (27.67923pt too wide) detected at line 192
\OML/cmm/m/it/10 ^^Z [] \OT1/cmr/m/n/10 = \OML/cmm/m/it/10 B[] [] \OT1/cmr/m/n/
10 + \OML/cmm/m/it/10 ^^ZG[] \OT1/cmr/m/n/10 + [][] + [] + []\OML/cmm/m/it/10 ;

 []

[61] [62] [63] [64] [65] [66] [67] [68] [69] [70] [71] [72] [73] [74] [75] [76]
[77] [78] [79] [80] [81] [82]
Overfull \hbox (23.34726pt too wide) detected at line 258
\OML/cmm/m/it/10 R[]Re [] \OT1/cmr/m/n/10 = \OML/cmm/m/it/10 B[] [] \OT1/cmr/m/
n/10 + \OML/cmm/m/it/10 R[][]G[] \OT1/cmr/m/n/10 + [][] \OMS/cmsy/m/n/10 ^^@ []
 \OT1/cmr/m/n/10 + []\OML/cmm/m/it/10 ;
 []

[83] [84]
Overfull \hbox (23.31807pt too wide) detected at line 264
\OML/cmm/m/it/10 R[]Re [] \OT1/cmr/m/n/10 = \OML/cmm/m/it/10 B[] [] \OT1/cmr/m/
n/10 + \OML/cmm/m/it/10 R[][]G[] \OT1/cmr/m/n/10 + [][] + [] + []\OML/cmm/m/it/
10 ;
 []

[85] [86] [87] [88] [89] [90] [91] [92] [93] [94] [95] [96] [97] [98] [99] [100
] [101] [102] [103] [104] [105] [106] [107] [108] [109] [110] [111] [112] [113]
[114] [115] [116] [117] [118] [119] [120] [121] [122] [123] [124] [125] [126] [
127] [128] [129] [130] [131] [132] [133] [134] [135] [136] [137] [138] [139] [1
40] [141] [142] [143] [144] [145] [146] [147] [148] [149] [150] [151] [152] [15
3] [154] [155] [156] [157] [158] [159] [160] [161] [162] [163] [164] [165] [166
] [167] [168]
Overfull \hbox (26.70625pt too wide) in paragraph at lines 516--518
[]$[]$
 []

[169] [170] [171] [172] [173] [174] [175] [176] [177] [178] [179] [180] [181] [
182] [183] [184] [185] [186] [187] [188] [189] [190] [191] [192] [193] [194] [1
95] [196] [197] [198] [199] [200] [201] [202] [203] [204] [205] [206] [207] [20
8] [209] [210] [211] [212] [213] [214] [215] [216] [217] [218] [219] [220] [221
] [222] [223] [224] [225] [226] [227] [228] [229] [230] [231] [232] [233] [234]
[235] [236] [237]
Overfull \hbox (59.8933pt too wide) detected at line 723
\OT1/cmr/m/n/10 0 = [] [] \OML/cmm/m/it/10  []\OT1/cmr/m/n/10 (\OML/cmm/m/it/10
 ^^X[]\OT1/cmr/m/n/10 ) \OML/cmm/m/it/10 dv[]
 []

[238] [239] [240] [241] [242] [243] [244] [245] [246] [247] [248] [249] [250] [
251] [252] [253] [254] [255] [256] [257] [258] [259] [260] [261] [262] [263] [2
64] [265] [266] [267] [268] [269] [270] [271] [272] [273]
Overfull \hbox (104.45178pt too wide) detected at line 831
[][] [] \OML/cmm/m/it/10  []\OT1/cmr/m/n/10 (\OML/cmm/m/it/10 x[]\OT1/cmr/m/n/1
0 ) \OML/cmm/m/it/10 dv \OT1/cmr/m/n/10 = 0[]\OML/cmm/m/it/10 :
 []

[274] [275] [276] [277] [278] [279] [280] [281] [282] [283] [284] [285] [286] [
287] [288] [289] [290] [291] [292] [293] [294] [295] [296] [297] [298] [299] [3
00] [301] [302] [303] [304] [305] [306] [307]

! LaTeX Error: Environment bmatrix undefined.

See the LaTeX manual or LaTeX Companion for explanation.
Type  H <return>  for immediate help.
 ...                                              
                                                  
l.933 \[ \begin{bmatrix}
                         \cos\theta & \sin\theta \newline -\sin\theta & \cos...

Your command was ignored.
Type  I <command> <return>  to replace it with another command,
or  <return>  to continue without it.

! Misplaced alignment tab character &.
l.933 \[ \begin{bmatrix} \cos\theta &
                                      \sin\theta \newline -\sin\theta & \cos...
I can't figure out why you would want to use a tab mark
here. If you just want an ampersand, the remedy is
simple: Just type `I\&' now. But if some right brace
up above has ended a previous alignment prematurely,
you're probably due for more error messages, and you
might try typing `S' now just to see what is salvageable.

! Misplaced alignment tab character &.
l.933 ...theta & \sin\theta \newline -\sin\theta &
                                                   \cos\theta \end{bmatrix} ...
I can't figure out why you would want to use a tab mark
here. If you just want an ampersand, the remedy is
simple: Just type `I\&' now. But if some right brace
up above has ended a previous alignment prematurely,
you're probably due for more error messages, and you
might try typing `S' now just to see what is salvageable.


! LaTeX Error: \begin{document} ended by \end{bmatrix}.

See the LaTeX manual or LaTeX Companion for explanation.
Type  H <return>  for immediate help.
 ...                                              
                                                  
l.933 ...ne -\sin\theta & \cos\theta \end{bmatrix}
                                                   \begin{bmatrix} dx \newli...

Your command was ignored.
Type  I <command> <return>  to replace it with another command,
or  <return>  to continue without it.


! LaTeX Error: Environment bmatrix undefined.

See the LaTeX manual or LaTeX Companion for explanation.
Type  H <return>  for immediate help.
 ...                                              
                                                  
l.933 ... \cos\theta \end{bmatrix} \begin{bmatrix}
                                                   dx \newline dy \end{bmatr...

Your command was ignored.
Type  I <command> <return>  to replace it with another command,
or  <return>  to continue without it.


! LaTeX Error: \begin{document} ended by \end{bmatrix}.

See the LaTeX manual or LaTeX Companion for explanation.
Type  H <return>  for immediate help.
 ...                                              
                                                  
l.933 ...gin{bmatrix} dx \newline dy \end{bmatrix}
                                                   = \begin{bmatrix} r \newl...

Your command was ignored.
Type  I <command> <return>  to replace it with another command,
or  <return>  to continue without it.


! LaTeX Error: Environment bmatrix undefined.

See the LaTeX manual or LaTeX Companion for explanation.
Type  H <return>  for immediate help.
 ...                                              
                                                  
l.933 ...ewline dy \end{bmatrix} = \begin{bmatrix}
                                                   r \newline 0 \end{bmatrix...

Your command was ignored.
Type  I <command> <return>  to replace it with another command,
or  <return>  to continue without it.


! LaTeX Error: \begin{document} ended by \end{bmatrix}.

See the LaTeX manual or LaTeX Companion for explanation.
Type  H <return>  for immediate help.
 ...                                              
                                                  
l.933 ...begin{bmatrix} r \newline 0 \end{bmatrix}
                                                  , \]
Your command was ignored.
Type  I <command> <return>  to replace it with another command,
or  <return>  to continue without it.

[308] [309]
! Misplaced alignment tab character &.
l.939 \[ \cos\theta&
                    =\dfrac{dx}{\sqrt{pow(dx,2)+pow(dy,2)}}, \]
I can't figure out why you would want to use a tab mark
here. If you just want an ampersand, the remedy is
simple: Just type `I\&' now. But if some right brace
up above has ended a previous alignment prematurely,
you're probably due for more error messages, and you
might try typing `S' now just to see what is salvageable.

! Undefined control sequence.
l.939 \[ \cos\theta&=\dfrac
                           {dx}{\sqrt{pow(dx,2)+pow(dy,2)}}, \]
The control sequence at the end of the top line
of your error message was never \def'ed. If you have
misspelled it (e.g., `\hobx'), type `I' and the correct
spelling (e.g., `I\hbox'). Otherwise just continue,
and I'll forget about whatever was undefined.

[310]
! Misplaced alignment tab character &.
l.942 \[ \sin\theta&
                    =\dfrac{dy}{\sqrt{pow(dx,2)+pow(dy,2)}}. \]
I can't figure out why you would want to use a tab mark
here. If you just want an ampersand, the remedy is
simple: Just type `I\&' now. But if some right brace
up above has ended a previous alignment prematurely,
you're probably due for more error messages, and you
might try typing `S' now just to see what is salvageable.

! Undefined control sequence.
l.942 \[ \sin\theta&=\dfrac
                           {dy}{\sqrt{pow(dx,2)+pow(dy,2)}}. \]
The control sequence at the end of the top line
of your error message was never \def'ed. If you have
misspelled it (e.g., `\hobx'), type `I' and the correct
spelling (e.g., `I\hbox'). Otherwise just continue,
and I'll forget about whatever was undefined.

[311]

! LaTeX Error: Environment bmatrix undefined.

See the LaTeX manual or LaTeX Companion for explanation.
Type  H <return>  for immediate help.
 ...                                              
                                                  
l.945 \[ \begin{bmatrix}
                         dx \newline dy \end{bmatrix} \leftarrow \begin{bmat...

Your command was ignored.
Type  I <command> <return>  to replace it with another command,
or  <return>  to continue without it.


! LaTeX Error: \begin{document} ended by \end{bmatrix}.

See the LaTeX manual or LaTeX Companion for explanation.
Type  H <return>  for immediate help.
 ...                                              
                                                  
l.945 ...gin{bmatrix} dx \newline dy \end{bmatrix}
                                                   \leftarrow \begin{bmatrix...

Your command was ignored.
Type  I <command> <return>  to replace it with another command,
or  <return>  to continue without it.


! LaTeX Error: Environment bmatrix undefined.

See the LaTeX manual or LaTeX Companion for explanation.
Type  H <return>  for immediate help.
 ...                                              
                                                  
l.945 ... \end{bmatrix} \leftarrow \begin{bmatrix}
                                                   \cos\theta & \sin\theta \...

Your command was ignored.
Type  I <command> <return>  to replace it with another command,
or  <return>  to continue without it.

! Misplaced alignment tab character &.
l.945 ...} \leftarrow \begin{bmatrix} \cos\theta &
                                                   \sin\theta \newline -\sin...
I can't figure out why you would want to use a tab mark
here. If you just want an ampersand, the remedy is
simple: Just type `I\&' now. But if some right brace
up above has ended a previous alignment prematurely,
you're probably due for more error messages, and you
might try typing `S' now just to see what is salvageable.

! Misplaced alignment tab character &.
l.945 ...theta & \sin\theta \newline -\sin\theta &
                                                   \cos\theta \end{bmatrix} ...
I can't figure out why you would want to use a tab mark
here. If you just want an ampersand, the remedy is
simple: Just type `I\&' now. But if some right brace
up above has ended a previous alignment prematurely,
you're probably due for more error messages, and you
might try typing `S' now just to see what is salvageable.


! LaTeX Error: \begin{document} ended by \end{bmatrix}.

See the LaTeX manual or LaTeX Companion for explanation.
Type  H <return>  for immediate help.
 ...                                              
                                                  
l.945 ...ne -\sin\theta & \cos\theta \end{bmatrix}
                                                   \begin{bmatrix} dx \newli...

Your command was ignored.
Type  I <command> <return>  to replace it with another command,
or  <return>  to continue without it.


! LaTeX Error: Environment bmatrix undefined.

See the LaTeX manual or LaTeX Companion for explanation.
Type  H <return>  for immediate help.
 ...                                              
                                                  
l.945 ... \cos\theta \end{bmatrix} \begin{bmatrix}
                                                   dx \newline dy \end{bmatr...

Your command was ignored.
Type  I <command> <return>  to replace it with another command,
or  <return>  to continue without it.


! LaTeX Error: \begin{document} ended by \end{bmatrix}.

See the LaTeX manual or LaTeX Companion for explanation.
Type  H <return>  for immediate help.
 ...                                              
                                                  
l.945 ...gin{bmatrix} dx \newline dy \end{bmatrix}
                                                  . \]
Your command was ignored.
Type  I <command> <return>  to replace it with another command,
or  <return>  to continue without it.

[312] [313] [314] [315] [316] [317] [318] [319] [320] [321] [322] [323] [324] [
325] [326] [327] [328] [329] [330] [331] [332] [333] [334] [335] [336] [337] [3
38] [339] [340] [341] [342] [343] [344] [345] [346] [347] [348] [349] [350] [35
1] [352] [353] [354] [355] [356] [357] [358] [359] [360] [361] [362] [363] [364
] [365] [366] [367] [368] [369] [370] [371] [372] [373] [374] [375] [376] [377]
[378] [379] [380] [381] [382] [383] [384] [385] [386] [387] [388] [389] [390] [
391] [392] [393] [394] [395] [396] [397] [398] [399] [400] [401] [402] [403] [4
04] [405] [406] [407] [408] [409] [410] [411] [412] [413] [414]
! Undefined control sequence.
l.1254 \[ \|a\|_2^2=\sum_{i=0}^{i=n-1}\real
                                           (a[i])^2+\imag(a[i])^2. \]
The control sequence at the end of the top line
of your error message was never \def'ed. If you have
misspelled it (e.g., `\hobx'), type `I' and the correct
spelling (e.g., `I\hbox'). Otherwise just continue,
and I'll forget about whatever was undefined.

! Undefined control sequence.
l.1254 ...^2=\sum_{i=0}^{i=n-1}\real(a[i])^2+\imag
                                                  (a[i])^2. \]
The control sequence at the end of the top line
of your error message was never \def'ed. If you have
misspelled it (e.g., `\hobx'), type `I' and the correct
spelling (e.g., `I\hbox'). Otherwise just continue,
and I'll forget about whatever was undefined.

[415]
! Undefined control sequence.
l.1257 \[ \|a\|_2^2=\|\real
                           (a)\|_2^2+\|\imag(a)\|_2^2. \]
The control sequence at the end of the top line
of your error message was never \def'ed. If you have
misspelled it (e.g., `\hobx'), type `I' and the correct
spelling (e.g., `I\hbox'). Otherwise just continue,
and I'll forget about whatever was undefined.

! Undefined control sequence.
l.1257 \[ \|a\|_2^2=\|\real(a)\|_2^2+\|\imag
                                            (a)\|_2^2. \]
The control sequence at the end of the top line
of your error message was never \def'ed. If you have
misspelled it (e.g., `\hobx'), type `I' and the correct
spelling (e.g., `I\hbox'). Otherwise just continue,
and I'll forget about whatever was undefined.

[416] [417]

! LaTeX Error: Environment bmatrix undefined.

See the LaTeX manual or LaTeX Companion for explanation.
Type  H <return>  for immediate help.
 ...                                              
                                                  
l.1263 \[ \begin{bmatrix}
                          \overline{\cos\theta} & \overline{\sin\theta} \cr ...

Your command was ignored.
Type  I <command> <return>  to replace it with another command,
or  <return>  to continue without it.

! Misplaced alignment tab character &.
l.1263 \[ \begin{bmatrix} \overline{\cos\theta} &
                                                  \overline{\sin\theta} \cr ...
I can't figure out why you would want to use a tab mark
here. If you just want an ampersand, the remedy is
simple: Just type `I\&' now. But if some right brace
up above has ended a previous alignment prematurely,
you're probably due for more error messages, and you
might try typing `S' now just to see what is salvageable.

! Misplaced \cr.
l.1263 ...{\cos\theta} & \overline{\sin\theta} \cr
                                                   -\sin\theta & \cos\theta ...
I can't figure out why you would want to use a tab mark
or \cr or \span just now. If something like a right brace
up above has ended a previous alignment prematurely,
you're probably due for more error messages, and you
might try typing `S' now just to see what is salvageable.

! Misplaced alignment tab character &.
l.1263 ... \overline{\sin\theta} \cr -\sin\theta &
                                                   \cos\theta \end{bmatrix} ...
I can't figure out why you would want to use a tab mark
here. If you just want an ampersand, the remedy is
simple: Just type `I\&' now. But if some right brace
up above has ended a previous alignment prematurely,
you're probably due for more error messages, and you
might try typing `S' now just to see what is salvageable.


! LaTeX Error: \begin{document} ended by \end{bmatrix}.

See the LaTeX manual or LaTeX Companion for explanation.
Type  H <return>  for immediate help.
 ...                                              
                                                  
l.1263 ...r -\sin\theta & \cos\theta \end{bmatrix}
                                                   \begin{bmatrix} dx \\ dy ...

Your command was ignored.
Type  I <command> <return>  to replace it with another command,
or  <return>  to continue without it.


! LaTeX Error: Environment bmatrix undefined.

See the LaTeX manual or LaTeX Companion for explanation.
Type  H <return>  for immediate help.
 ...                                              
                                                  
l.1263 ...\cos\theta \end{bmatrix} \begin{bmatrix}
                                                   dx \\ dy \end{bmatrix} = ...

Your command was ignored.
Type  I <command> <return>  to replace it with another command,
or  <return>  to continue without it.


! LaTeX Error: \begin{document} ended by \end{bmatrix}.

See the LaTeX manual or LaTeX Companion for explanation.
Type  H <return>  for immediate help.
 ...                                              
                                                  
l.1263 ...} \begin{bmatrix} dx \\ dy \end{bmatrix}
                                                   = \begin{bmatrix} r \\ 0 ...

Your command was ignored.
Type  I <command> <return>  to replace it with another command,
or  <return>  to continue without it.


! LaTeX Error: Environment bmatrix undefined.

See the LaTeX manual or LaTeX Companion for explanation.
Type  H <return>  for immediate help.
 ...                                              
                                                  
l.1263 ...dx \\ dy \end{bmatrix} = \begin{bmatrix}
                                                   r \\ 0 \end{bmatrix}, \]
Your command was ignored.
Type  I <command> <return>  to replace it with another command,
or  <return>  to continue without it.


! LaTeX Error: \begin{document} ended by \end{bmatrix}.

See the LaTeX manual or LaTeX Companion for explanation.
Type  H <return>  for immediate help.
 ...                                              
                                                  
l.1263 ...} = \begin{bmatrix} r \\ 0 \end{bmatrix}
                                                  , \]
Your command was ignored.
Type  I <command> <return>  to replace it with another command,
or  <return>  to continue without it.

[418] [419]
! Misplaced alignment tab character &.
l.1269 \[ \cos\theta&
                     =\dfrac{dx}{\sqrt{|dx|^2+|dy|^2}}, \]
I can't figure out why you would want to use a tab mark
here. If you just want an ampersand, the remedy is
simple: Just type `I\&' now. But if some right brace
up above has ended a previous alignment prematurely,
you're probably due for more error messages, and you
might try typing `S' now just to see what is salvageable.

! Undefined control sequence.
l.1269 \[ \cos\theta&=\dfrac
                            {dx}{\sqrt{|dx|^2+|dy|^2}}, \]
The control sequence at the end of the top line
of your error message was never \def'ed. If you have
misspelled it (e.g., `\hobx'), type `I' and the correct
spelling (e.g., `I\hbox'). Otherwise just continue,
and I'll forget about whatever was undefined.

[420]
! Misplaced alignment tab character &.
l.1272 \[ \sin\theta&
                     =\dfrac{dy}{\sqrt{|dx|^2+|dy|^2}}. \]
I can't figure out why you would want to use a tab mark
here. If you just want an ampersand, the remedy is
simple: Just type `I\&' now. But if some right brace
up above has ended a previous alignment prematurely,
you're probably due for more error messages, and you
might try typing `S' now just to see what is salvageable.

! Undefined control sequence.
l.1272 \[ \sin\theta&=\dfrac
                            {dy}{\sqrt{|dx|^2+|dy|^2}}. \]
The control sequence at the end of the top line
of your error message was never \def'ed. If you have
misspelled it (e.g., `\hobx'), type `I' and the correct
spelling (e.g., `I\hbox'). Otherwise just continue,
and I'll forget about whatever was undefined.

[421]

! LaTeX Error: Environment bmatrix undefined.

See the LaTeX manual or LaTeX Companion for explanation.
Type  H <return>  for immediate help.
 ...                                              
                                                  
l.1275 \[ \begin{bmatrix}
                          dx \\ dy \end{bmatrix} \leftarrow \begin{bmatrix} ...

Your command was ignored.
Type  I <command> <return>  to replace it with another command,
or  <return>  to continue without it.


! LaTeX Error: \begin{document} ended by \end{bmatrix}.

See the LaTeX manual or LaTeX Companion for explanation.
Type  H <return>  for immediate help.
 ...                                              
                                                  
l.1275 \[ \begin{bmatrix} dx \\ dy \end{bmatrix}
                                                 \leftarrow \begin{bmatrix} ...

Your command was ignored.
Type  I <command> <return>  to replace it with another command,
or  <return>  to continue without it.


! LaTeX Error: Environment bmatrix undefined.

See the LaTeX manual or LaTeX Companion for explanation.
Type  H <return>  for immediate help.
 ...                                              
                                                  
l.1275 ...\end{bmatrix} \leftarrow \begin{bmatrix}
                                                   \overline{\cos\theta} & \...

Your command was ignored.
Type  I <command> <return>  to replace it with another command,
or  <return>  to continue without it.

! Misplaced alignment tab character &.
l.1275 ... \begin{bmatrix} \overline{\cos\theta} &
                                                   \overline{\sin\theta} \\ ...
I can't figure out why you would want to use a tab mark
here. If you just want an ampersand, the remedy is
simple: Just type `I\&' now. But if some right brace
up above has ended a previous alignment prematurely,
you're probably due for more error messages, and you
might try typing `S' now just to see what is salvageable.

! Misplaced alignment tab character &.
l.1275 ...& \overline{\sin\theta} \\ -\sin\theta &
                                                   \cos\theta \end{bmatrix} ...
I can't figure out why you would want to use a tab mark
here. If you just want an ampersand, the remedy is
simple: Just type `I\&' now. But if some right brace
up above has ended a previous alignment prematurely,
you're probably due for more error messages, and you
might try typing `S' now just to see what is salvageable.


! LaTeX Error: \begin{document} ended by \end{bmatrix}.

See the LaTeX manual or LaTeX Companion for explanation.
Type  H <return>  for immediate help.
 ...                                              
                                                  
l.1275 ...\ -\sin\theta & \cos\theta \end{bmatrix}
                                                   \begin{bmatrix} dx \\ dy ...

Your command was ignored.
Type  I <command> <return>  to replace it with another command,
or  <return>  to continue without it.


! LaTeX Error: Environment bmatrix undefined.

See the LaTeX manual or LaTeX Companion for explanation.
Type  H <return>  for immediate help.
 ...                                              
                                                  
l.1275 ...\cos\theta \end{bmatrix} \begin{bmatrix}
                                                   dx \\ dy \end{bmatrix}. \]
Your command was ignored.
Type  I <command> <return>  to replace it with another command,
or  <return>  to continue without it.


! LaTeX Error: \begin{document} ended by \end{bmatrix}.

See the LaTeX manual or LaTeX Companion for explanation.
Type  H <return>  for immediate help.
 ...                                              
                                                  
l.1275 ...} \begin{bmatrix} dx \\ dy \end{bmatrix}
                                                  . \]
Your command was ignored.
Type  I <command> <return>  to replace it with another command,
or  <return>  to continue without it.

[422]

! LaTeX Error: Environment bmatrix undefined.

See the LaTeX manual or LaTeX Companion for explanation.
Type  H <return>  for immediate help.
 ...                                              
                                                  
l.1278 \[ \begin{bmatrix}
                          \overline{\cos\theta} & \overline{\sin\theta} \\ -...

Your command was ignored.
Type  I <command> <return>  to replace it with another command,
or  <return>  to continue without it.

! Misplaced alignment tab character &.
l.1278 \[ \begin{bmatrix} \overline{\cos\theta} &
                                                  \overline{\sin\theta} \\ -...
I can't figure out why you would want to use a tab mark
here. If you just want an ampersand, the remedy is
simple: Just type `I\&' now. But if some right brace
up above has ended a previous alignment prematurely,
you're probably due for more error messages, and you
might try typing `S' now just to see what is salvageable.

! Misplaced alignment tab character &.
l.1278 ...& \overline{\sin\theta} \\ -\sin\theta &
                                                   \cos\theta \end{bmatrix} ...
I can't figure out why you would want to use a tab mark
here. If you just want an ampersand, the remedy is
simple: Just type `I\&' now. But if some right brace
up above has ended a previous alignment prematurely,
you're probably due for more error messages, and you
might try typing `S' now just to see what is salvageable.


! LaTeX Error: \begin{document} ended by \end{bmatrix}.

See the LaTeX manual or LaTeX Companion for explanation.
Type  H <return>  for immediate help.
 ...                                              
                                                  
l.1278 ...\ -\sin\theta & \cos\theta \end{bmatrix}
                                                   \begin{bmatrix} dx \\ dy ...

Your command was ignored.
Type  I <command> <return>  to replace it with another command,
or  <return>  to continue without it.


! LaTeX Error: Environment bmatrix undefined.

See the LaTeX manual or LaTeX Companion for explanation.
Type  H <return>  for immediate help.
 ...                                              
                                                  
l.1278 ...\cos\theta \end{bmatrix} \begin{bmatrix}
                                                   dx \\ dy \end{bmatrix} = ...

Your command was ignored.
Type  I <command> <return>  to replace it with another command,
or  <return>  to continue without it.


! LaTeX Error: \begin{document} ended by \end{bmatrix}.

See the LaTeX manual or LaTeX Companion for explanation.
Type  H <return>  for immediate help.
 ...                                              
                                                  
l.1278 ...} \begin{bmatrix} dx \\ dy \end{bmatrix}
                                                   = \begin{bmatrix} r \\ 0 ...

Your command was ignored.
Type  I <command> <return>  to replace it with another command,
or  <return>  to continue without it.


! LaTeX Error: Environment bmatrix undefined.

See the LaTeX manual or LaTeX Companion for explanation.
Type  H <return>  for immediate help.
 ...                                              
                                                  
l.1278 ...dx \\ dy \end{bmatrix} = \begin{bmatrix}
                                                   r \\ 0 \end{bmatrix}, \]
Your command was ignored.
Type  I <command> <return>  to replace it with another command,
or  <return>  to continue without it.


! LaTeX Error: \begin{document} ended by \end{bmatrix}.

See the LaTeX manual or LaTeX Companion for explanation.
Type  H <return>  for immediate help.
 ...                                              
                                                  
l.1278 ...} = \begin{bmatrix} r \\ 0 \end{bmatrix}
                                                  , \]
Your command was ignored.
Type  I <command> <return>  to replace it with another command,
or  <return>  to continue without it.

[423] [424] [425] [426] [427] [428] [429] [430] [431] [432] [433] [434] [435]
Overfull \hbox (26.70625pt too wide) in paragraph at lines 1317--1319
[]$[]$
 []

[436] [437] [438] [439] [440] [441] [442] [443] [444] (./_formulas.aux) ) 
Here is how much of TeX's memory you used:
 866 strings out of 483184
 12993 string characters out of 5966319
 241937 words of memory out of 5000000
 15924 multiletter control sequences out of 15000+600000
 535599 words of font info for 36 fonts, out of 8000000 for 9000
 14 hyphenation exceptions out of 8191
 38i,7n,29p,402b,92s stack positions out of 5000i,500n,10000p,200000b,80000s

Output written on _formulas.dvi (444 pages, 69180 bytes).
