\BOOKMARK [0][-]{chapter.1}{\376\377\0001\000\040\000D\000e\000m\000o\000\040\000p\000r\000o\000b\000l\000e\000m\000:\000\040\000T\000u\000r\000e\000k\000\040\000\046\000\040\000H\000r\000o\000n\000\047\000s\000\040\000F\000S\000I\000\040\000b\000e\000n\000c\000h\000m\000a\000r\000k\000\040\000p\000r\000o\000b\000l\000e\000m}{}% 1
\BOOKMARK [1][-]{section.1.1}{\376\377\0001\000.\0001\000\040\000T\000h\000e\000\040\000P\000r\000o\000b\000l\000e\000m}{chapter.1}% 2
\BOOKMARK [1][-]{section.1.2}{\376\377\0001\000.\0002\000\040\000P\000a\000r\000a\000m\000e\000t\000e\000r\000\040\000v\000a\000l\000u\000e\000s\000\040\000f\000o\000r\000\040\000t\000h\000e\000\040\000b\000e\000n\000c\000h\000m\000a\000r\000k\000\040\000p\000r\000o\000b\000l\000e\000m\000s}{chapter.1}% 3
\BOOKMARK [2][-]{subsection.1.2.1}{\376\377\0001\000.\0002\000.\0001\000\040\000G\000e\000o\000m\000e\000t\000r\000y}{section.1.2}% 4
\BOOKMARK [2][-]{subsection.1.2.2}{\376\377\0001\000.\0002\000.\0002\000\040\000N\000o\000n\000-\000d\000i\000m\000e\000n\000s\000i\000o\000n\000a\000l\000\040\000p\000a\000r\000a\000m\000e\000t\000e\000r\000s}{section.1.2}% 5
\BOOKMARK [1][-]{section.1.3}{\376\377\0001\000.\0003\000\040\000R\000e\000s\000u\000l\000t\000s}{chapter.1}% 6
\BOOKMARK [2][-]{subsection.1.3.1}{\376\377\0001\000.\0003\000.\0001\000\040\000F\000S\000I\0002}{section.1.3}% 7
\BOOKMARK [2][-]{subsection.1.3.2}{\376\377\0001\000.\0003\000.\0002\000\040\000F\000S\000I\0003}{section.1.3}% 8
\BOOKMARK [1][-]{section.1.4}{\376\377\0001\000.\0004\000\040\000O\000v\000e\000r\000v\000i\000e\000w\000\040\000o\000f\000\040\000t\000h\000e\000\040\000d\000r\000i\000v\000e\000r\000\040\000c\000o\000d\000e}{chapter.1}% 9
\BOOKMARK [1][-]{section.1.5}{\376\377\0001\000.\0005\000\040\000P\000a\000r\000a\000m\000e\000t\000e\000r\000\040\000v\000a\000l\000u\000e\000s\000\040\000f\000o\000r\000\040\000t\000h\000e\000\040\000b\000e\000n\000c\000h\000m\000a\000r\000k\000\040\000p\000r\000o\000b\000l\000e\000m\000s}{chapter.1}% 10
\BOOKMARK [1][-]{section.1.6}{\376\377\0001\000.\0006\000\040\000T\000h\000e\000\040\000d\000r\000i\000v\000e\000r\000\040\000c\000o\000d\000e}{chapter.1}% 11
\BOOKMARK [1][-]{section.1.7}{\376\377\0001\000.\0007\000\040\000T\000h\000e\000\040\000P\000r\000o\000b\000l\000e\000m\000\040\000c\000l\000a\000s\000s}{chapter.1}% 12
\BOOKMARK [1][-]{section.1.8}{\376\377\0001\000.\0008\000\040\000T\000h\000e\000\040\000p\000r\000o\000b\000l\000e\000m\000\040\000c\000o\000n\000s\000t\000r\000u\000c\000t\000o\000r}{chapter.1}% 13
\BOOKMARK [1][-]{section.1.9}{\376\377\0001\000.\0009\000\040\000C\000r\000e\000a\000t\000e\000\040\000t\000r\000a\000c\000t\000i\000o\000n\000\040\000e\000l\000e\000m\000e\000n\000t\000s}{chapter.1}% 14
\BOOKMARK [1][-]{section.1.10}{\376\377\0001\000.\0001\0000\000\040\000A\000c\000t\000i\000o\000n\000s\000\040\000b\000e\000f\000o\000r\000e\000\040\000N\000e\000w\000t\000o\000n\000\040\000c\000o\000n\000v\000e\000r\000g\000e\000n\000c\000e\000\040\000c\000h\000e\000c\000k}{chapter.1}% 15
\BOOKMARK [1][-]{section.1.11}{\376\377\0001\000.\0001\0001\000\040\000A\000c\000t\000i\000o\000n\000s\000\040\000b\000e\000f\000o\000r\000e\000\040\000t\000h\000e\000\040\000t\000i\000m\000e\000s\000t\000e\000p}{chapter.1}% 16
\BOOKMARK [1][-]{section.1.12}{\376\377\0001\000.\0001\0002\000\040\000A\000c\000t\000i\000o\000n\000s\000\040\000a\000f\000t\000e\000r\000\040\000a\000d\000a\000p\000t}{chapter.1}% 17
\BOOKMARK [1][-]{section.1.13}{\376\377\0001\000.\0001\0003\000\040\000P\000o\000s\000t\000-\000p\000r\000o\000c\000e\000s\000s\000i\000n\000g}{chapter.1}% 18
\BOOKMARK [1][-]{section.1.14}{\376\377\0001\000.\0001\0004\000\040\000F\000u\000r\000t\000h\000e\000r\000\040\000c\000o\000m\000m\000e\000n\000t\000s\000\040\000a\000n\000d\000\040\000e\000x\000e\000r\000c\000i\000s\000e\000s}{chapter.1}% 19
\BOOKMARK [1][-]{section.1.15}{\376\377\0001\000.\0001\0005\000\040\000A\000c\000k\000n\000o\000w\000l\000e\000d\000g\000e\000m\000e\000n\000t\000s}{chapter.1}% 20
\BOOKMARK [1][-]{section.1.16}{\376\377\0001\000.\0001\0006\000\040\000S\000o\000u\000r\000c\000e\000\040\000f\000i\000l\000e\000s\000\040\000f\000o\000r\000\040\000t\000h\000i\000s\000\040\000t\000u\000t\000o\000r\000i\000a\000l}{chapter.1}% 21
\BOOKMARK [1][-]{section.1.17}{\376\377\0001\000.\0001\0007\000\040\000P\000D\000F\000\040\000f\000i\000l\000e}{chapter.1}% 22
