\BOOKMARK [0][-]{chapter.1}{\376\377\0001\000\040\000T\000h\000e\000\040\000F\000i\000n\000i\000t\000e\000\040\000E\000l\000e\000m\000e\000n\000t\000\040\000M\000e\000t\000h\000o\000d}{}% 1
\BOOKMARK [1][-]{section.1.1}{\376\377\0001\000.\0001\000\040\000I\000n\000t\000r\000o\000d\000u\000c\000t\000i\000o\000n}{chapter.1}% 2
\BOOKMARK [1][-]{section.1.2}{\376\377\0001\000.\0002\000\040\000M\000a\000t\000h\000e\000m\000a\000t\000i\000c\000a\000l\000\040\000b\000a\000c\000k\000g\000r\000o\000u\000n\000d}{chapter.1}% 3
\BOOKMARK [2][-]{subsection.1.2.1}{\376\377\0001\000.\0002\000.\0001\000\040\000T\000h\000e\000\040\000w\000e\000a\000k\000\040\000s\000o\000l\000u\000t\000i\000o\000n}{section.1.2}% 4
\BOOKMARK [2][-]{subsection.1.2.2}{\376\377\0001\000.\0002\000.\0002\000\040\000A\000\040\000u\000s\000e\000f\000u\000l\000\040\000t\000r\000i\000c\000k\000:\000\040\000I\000n\000t\000e\000g\000r\000a\000t\000i\000o\000n\000\040\000b\000y\000\040\000p\000a\000r\000t\000s}{section.1.2}% 5
\BOOKMARK [2][-]{subsection.1.2.3}{\376\377\0001\000.\0002\000.\0003\000\040\000[\000N\000e\000a\000r\000l\000y\000\040\000a\000n\000\040\000a\000s\000i\000d\000e\000:\000]\000\040\000F\000u\000n\000c\000t\000i\000o\000n\000\040\000s\000p\000a\000c\000e\000s}{section.1.2}% 6
\BOOKMARK [2][-]{subsection.1.2.4}{\376\377\0001\000.\0002\000.\0004\000\040\000T\000h\000e\000\040\000G\000a\000l\000e\000r\000k\000i\000n\000\040\000m\000e\000t\000h\000o\000d}{section.1.2}% 7
\BOOKMARK [1][-]{section.1.3}{\376\377\0001\000.\0003\000\040\000T\000h\000e\000\040\000F\000i\000n\000i\000t\000e\000\040\000E\000l\000e\000m\000e\000n\000t\000\040\000M\000e\000t\000h\000o\000d}{chapter.1}% 8
\BOOKMARK [2][-]{subsection.1.3.1}{\376\377\0001\000.\0003\000.\0001\000\040\000F\000i\000n\000i\000t\000e\000\040\000E\000l\000e\000m\000e\000n\000t\000\040\000s\000h\000a\000p\000e\000\040\000f\000u\000n\000c\000t\000i\000o\000n\000s}{section.1.3}% 9
\BOOKMARK [2][-]{subsection.1.3.2}{\376\377\0001\000.\0003\000.\0002\000\040\000I\000m\000p\000r\000o\000v\000i\000n\000g\000\040\000t\000h\000e\000\040\000q\000u\000a\000l\000i\000t\000y\000\040\000o\000f\000\040\000t\000h\000e\000\040\000s\000o\000l\000u\000t\000i\000o\000n\000:\000\040\000n\000o\000n\000-\000u\000n\000i\000f\000o\000r\000m\000l\000y\000\040\000s\000p\000a\000c\000e\000d\000\040\000n\000o\000d\000e\000s\000\040\000a\000n\000d\000\040\000h\000i\000g\000h\000e\000r\000-\000o\000r\000d\000e\000r\000\040\000s\000h\000a\000p\000e\000\040\000f\000u\000n\000c\000t\000i\000o\000n\000s}{section.1.3}% 10
\BOOKMARK [1][-]{section.1.4}{\376\377\0001\000.\0004\000\040\000A\000n\000\040\000e\000l\000e\000m\000e\000n\000t\000-\000b\000y\000-\000e\000l\000e\000m\000e\000n\000t\000\040\000i\000m\000p\000l\000e\000m\000e\000n\000t\000a\000t\000i\000o\000n\000\040\000f\000o\000r\000\040\0001\000D\000\040\000p\000r\000o\000b\000l\000e\000m\000s}{chapter.1}% 11
\BOOKMARK [2][-]{subsection.1.4.1}{\376\377\0001\000.\0004\000.\0001\000\040\000I\000m\000p\000r\000o\000v\000e\000d\000\040\000b\000o\000o\000k\000-\000k\000e\000e\000p\000i\000n\000g\000:\000\040\000d\000i\000s\000t\000i\000n\000g\000u\000i\000s\000h\000i\000n\000g\000\040\000b\000e\000t\000w\000e\000e\000n\000\040\000e\000q\000u\000a\000t\000i\000o\000n\000s\000\040\000a\000n\000d\000\040\000n\000o\000d\000e\000s\000.}{section.1.4}% 12
\BOOKMARK [2][-]{subsection.1.4.2}{\376\377\0001\000.\0004\000.\0002\000\040\000E\000l\000e\000m\000e\000n\000t\000-\000b\000y\000-\000e\000l\000e\000m\000e\000n\000t\000\040\000a\000s\000s\000e\000m\000b\000l\000y}{section.1.4}% 13
\BOOKMARK [3][-]{subsubsection.1.4.2.1}{\376\377\0001\000.\0004\000.\0002\000.\0001\000\040\000L\000o\000c\000a\000l\000\040\000a\000n\000d\000\040\000g\000l\000o\000b\000a\000l\000\040\000n\000o\000d\000e\000\040\000n\000u\000m\000b\000e\000r\000s}{subsection.1.4.2}% 14
\BOOKMARK [3][-]{subsubsection.1.4.2.2}{\376\377\0001\000.\0004\000.\0002\000.\0002\000\040\000L\000o\000c\000a\000l\000\040\000a\000n\000d\000\040\000g\000l\000o\000b\000a\000l\000\040\000e\000q\000u\000a\000t\000i\000o\000n\000\040\000n\000u\000m\000b\000e\000r\000s}{subsection.1.4.2}% 15
\BOOKMARK [3][-]{subsubsection.1.4.2.3}{\376\377\0001\000.\0004\000.\0002\000.\0003\000\040\000L\000o\000c\000a\000l\000\040\000c\000o\000o\000r\000d\000i\000n\000a\000t\000e\000s}{subsection.1.4.2}% 16
\BOOKMARK [3][-]{subsubsection.1.4.2.4}{\376\377\0001\000.\0004\000.\0002\000.\0004\000\040\000P\000u\000t\000t\000i\000n\000g\000\040\000i\000t\000\040\000a\000l\000l\000\040\000t\000o\000g\000e\000t\000h\000e\000r}{subsection.1.4.2}% 17
\BOOKMARK [3][-]{subsubsection.1.4.2.5}{\376\377\0001\000.\0004\000.\0002\000.\0005\000\040\000A\000\040\0001\000D\000\040\000e\000x\000a\000m\000p\000l\000e}{subsection.1.4.2}% 18
\BOOKMARK [1][-]{section.1.5}{\376\377\0001\000.\0005\000\040\000E\000x\000t\000e\000n\000s\000i\000o\000n\000\040\000t\000o\000\040\000h\000i\000g\000h\000e\000r\000-\000d\000i\000m\000e\000n\000s\000i\000o\000n\000a\000l\000\040\000p\000r\000o\000b\000l\000e\000m\000s}{chapter.1}% 19
\BOOKMARK [2][-]{subsection.1.5.1}{\376\377\0001\000.\0005\000.\0001\000\040\000A\000\040\0002\000D\000\040\000e\000x\000a\000m\000p\000l\000e}{section.1.5}% 20
\BOOKMARK [1][-]{section.1.6}{\376\377\0001\000.\0006\000\040\000A\000n\000\040\000o\000b\000j\000e\000c\000t\000-\000o\000r\000i\000e\000n\000t\000e\000d\000\040\000i\000m\000p\000l\000e\000m\000e\000n\000t\000a\000t\000i\000o\000n}{chapter.1}% 21
\BOOKMARK [1][-]{section.1.7}{\376\377\0001\000.\0007\000\040\000P\000D\000F\000\040\000f\000i\000l\000e}{chapter.1}% 22
